#! /c/Source/iverilog-install/bin/vvp
:ivl_version "12.0 (devel)" "(s20150603-1539-g2693dd32b)";
:ivl_delay_selection "TYPICAL";
:vpi_time_precision - 12;
:vpi_module "C:\iverilog\lib\ivl\system.vpi";
:vpi_module "C:\iverilog\lib\ivl\vhdl_sys.vpi";
:vpi_module "C:\iverilog\lib\ivl\vhdl_textio.vpi";
:vpi_module "C:\iverilog\lib\ivl\v2005_math.vpi";
:vpi_module "C:\iverilog\lib\ivl\va_math.vpi";
S_000002b97cc20390 .scope module, "timer_nivel2_tb" "timer_nivel2_tb" 2 4;
 .timescale -9 -12;
v000002b97cc81300_0 .var "clearn_tb", 0 0;
v000002b97cc805e0_0 .var "clk_tb", 0 0;
v000002b97cc7fe60_0 .var "data_tb", 3 0;
v000002b97cc816c0_0 .net "dezenas", 3 0, v000002b97cc0ca40_0;  1 drivers
v000002b97cc800e0_0 .var "enable_tb", 0 0;
v000002b97cc813a0_0 .var "loadn_tb", 0 0;
v000002b97cc81440_0 .net "minutos_tb", 3 0, v000002b97cc7fb40_0;  1 drivers
v000002b97cc80220_0 .net "timer_done_tb", 0 0, L_000002b97cc26b30;  1 drivers
v000002b97cc7fd20_0 .net "unidades_tb", 3 0, v000002b97cc80040_0;  1 drivers
S_000002b97cc20520 .scope module, "DUT" "timer_nivel2" 2 12, 3 9 0, S_000002b97cc20390;
 .timescale -9 -12;
    .port_info 0 /INPUT 4 "data";
    .port_info 1 /INPUT 1 "clk";
    .port_info 2 /INPUT 1 "enable";
    .port_info 3 /INPUT 1 "load";
    .port_info 4 /INPUT 1 "clear";
    .port_info 5 /OUTPUT 4 "unidades";
    .port_info 6 /OUTPUT 4 "dezenas";
    .port_info 7 /OUTPUT 4 "minutos";
    .port_info 8 /OUTPUT 1 "zero";
L_000002b97cc25ef0 .functor AND 1, L_000002b97cc81620, L_000002b97cc80cc0, C4<1>, C4<1>;
L_000002b97cc26b30 .functor AND 1, L_000002b97cc25ef0, L_000002b97cc81760, C4<1>, C4<1>;
v000002b97cc811c0_0 .net *"_ivl_0", 0 0, L_000002b97cc25ef0;  1 drivers
v000002b97cc80180_0 .net "clear", 0 0, v000002b97cc81300_0;  1 drivers
v000002b97cc804a0_0 .net "clk", 0 0, v000002b97cc805e0_0;  1 drivers
v000002b97cc814e0_0 .net "data", 3 0, v000002b97cc7fe60_0;  1 drivers
v000002b97cc81580_0 .net "dezenas", 3 0, v000002b97cc0ca40_0;  alias, 1 drivers
v000002b97cc81080_0 .net "enable", 0 0, v000002b97cc800e0_0;  1 drivers
v000002b97cc81260_0 .net "load", 0 0, v000002b97cc813a0_0;  1 drivers
v000002b97cc7fdc0_0 .net "minutos", 3 0, v000002b97cc7fb40_0;  alias, 1 drivers
v000002b97cc80d60_0 .net "tc1", 0 0, L_000002b97cc26580;  1 drivers
v000002b97cc7f960_0 .net "tc2", 0 0, L_000002b97cc26120;  1 drivers
v000002b97cc80ea0_0 .net "tc3", 0 0, L_000002b97cc265f0;  1 drivers
v000002b97cc7faa0_0 .net "unidades", 3 0, v000002b97cc80040_0;  alias, 1 drivers
v000002b97cc7fc80_0 .net "zero", 0 0, L_000002b97cc26b30;  alias, 1 drivers
v000002b97cc80720_0 .net "zero1", 0 0, L_000002b97cc81620;  1 drivers
v000002b97cc80540_0 .net "zero2", 0 0, L_000002b97cc80cc0;  1 drivers
v000002b97cc7ffa0_0 .net "zero3", 0 0, L_000002b97cc81760;  1 drivers
S_000002b97cc1b3d0 .scope module, "dezena" "contador_mod6" 3 33, 4 2 0, S_000002b97cc20520;
 .timescale -9 -12;
    .port_info 0 /INPUT 1 "clk";
    .port_info 1 /INPUT 1 "loadn";
    .port_info 2 /INPUT 4 "data";
    .port_info 3 /INPUT 1 "clearn";
    .port_info 4 /INPUT 1 "en";
    .port_info 5 /OUTPUT 1 "tc";
    .port_info 6 /OUTPUT 1 "zero";
    .port_info 7 /OUTPUT 4 "tens";
L_000002b97cc26120 .functor AND 1, L_000002b97cc26580, L_000002b97cc80cc0, C4<1>, C4<1>;
L_000002b97cc82d80 .functor BUFT 1, C4<0000>, C4<0>, C4<0>, C4<0>;
v000002b97cc0d300_0 .net/2u *"_ivl_0", 3 0, L_000002b97cc82d80;  1 drivers
v000002b97cc0c860_0 .net *"_ivl_2", 0 0, L_000002b97cc80a40;  1 drivers
L_000002b97cc82dc8 .functor BUFT 1, C4<1>, C4<0>, C4<0>, C4<0>;
v000002b97cc0c900_0 .net/2u *"_ivl_4", 0 0, L_000002b97cc82dc8;  1 drivers
L_000002b97cc82e10 .functor BUFT 1, C4<0>, C4<0>, C4<0>, C4<0>;
v000002b97cc0d580_0 .net/2u *"_ivl_6", 0 0, L_000002b97cc82e10;  1 drivers
v000002b97cc0ce00_0 .net "clearn", 0 0, v000002b97cc81300_0;  alias, 1 drivers
v000002b97cc0d620_0 .net "clk", 0 0, v000002b97cc805e0_0;  alias, 1 drivers
v000002b97cc0cea0_0 .net "data", 3 0, v000002b97cc80040_0;  alias, 1 drivers
v000002b97cc0d6c0_0 .net "en", 0 0, L_000002b97cc26580;  alias, 1 drivers
v000002b97cc0d760_0 .net "loadn", 0 0, v000002b97cc813a0_0;  alias, 1 drivers
v000002b97cc0c9a0_0 .net "tc", 0 0, L_000002b97cc26120;  alias, 1 drivers
v000002b97cc0ca40_0 .var "tens", 3 0;
v000002b97cc0cae0_0 .net "zero", 0 0, L_000002b97cc80cc0;  alias, 1 drivers
E_000002b97cc0fc20 .event posedge, v000002b97cc0d620_0;
L_000002b97cc80a40 .cmp/eq 4, v000002b97cc0ca40_0, L_000002b97cc82d80;
L_000002b97cc80cc0 .functor MUXZ 1, L_000002b97cc82e10, L_000002b97cc82dc8, L_000002b97cc80a40, C4<>;
S_000002b97cc1b560 .scope module, "minuto" "contador_mod10" 3 36, 5 3 0, S_000002b97cc20520;
 .timescale -9 -12;
    .port_info 0 /INPUT 1 "clk";
    .port_info 1 /INPUT 1 "loadn";
    .port_info 2 /INPUT 4 "data";
    .port_info 3 /INPUT 1 "clearn";
    .port_info 4 /INPUT 1 "en";
    .port_info 5 /OUTPUT 1 "tc";
    .port_info 6 /OUTPUT 1 "zero";
    .port_info 7 /OUTPUT 4 "ones";
L_000002b97cc265f0 .functor AND 1, L_000002b97cc26120, L_000002b97cc81760, C4<1>, C4<1>;
L_000002b97cc82e58 .functor BUFT 1, C4<0000>, C4<0>, C4<0>, C4<0>;
v000002b97cc0cb80_0 .net/2u *"_ivl_0", 3 0, L_000002b97cc82e58;  1 drivers
v000002b97cc0d3a0_0 .net *"_ivl_2", 0 0, L_000002b97cc80680;  1 drivers
L_000002b97cc82ea0 .functor BUFT 1, C4<1>, C4<0>, C4<0>, C4<0>;
v000002b97cc0ccc0_0 .net/2u *"_ivl_4", 0 0, L_000002b97cc82ea0;  1 drivers
L_000002b97cc82ee8 .functor BUFT 1, C4<0>, C4<0>, C4<0>, C4<0>;
v000002b97cc0cd60_0 .net/2u *"_ivl_6", 0 0, L_000002b97cc82ee8;  1 drivers
v000002b97cc0d4e0_0 .net "clearn", 0 0, v000002b97cc81300_0;  alias, 1 drivers
v000002b97cc0cf40_0 .net "clk", 0 0, v000002b97cc805e0_0;  alias, 1 drivers
v000002b97cc0cfe0_0 .net "data", 3 0, v000002b97cc0ca40_0;  alias, 1 drivers
v000002b97cc0d080_0 .net "en", 0 0, L_000002b97cc26120;  alias, 1 drivers
v000002b97cc0d440_0 .net "loadn", 0 0, v000002b97cc813a0_0;  alias, 1 drivers
v000002b97cc7fb40_0 .var "ones", 3 0;
v000002b97cc802c0_0 .net "tc", 0 0, L_000002b97cc265f0;  alias, 1 drivers
v000002b97cc80fe0_0 .net "zero", 0 0, L_000002b97cc81760;  alias, 1 drivers
L_000002b97cc80680 .cmp/eq 4, v000002b97cc7fb40_0, L_000002b97cc82e58;
L_000002b97cc81760 .functor MUXZ 1, L_000002b97cc82ee8, L_000002b97cc82ea0, L_000002b97cc80680, C4<>;
S_000002b97cbc64a0 .scope module, "unidade" "contador_mod10" 3 30, 5 3 0, S_000002b97cc20520;
 .timescale -9 -12;
    .port_info 0 /INPUT 1 "clk";
    .port_info 1 /INPUT 1 "loadn";
    .port_info 2 /INPUT 4 "data";
    .port_info 3 /INPUT 1 "clearn";
    .port_info 4 /INPUT 1 "en";
    .port_info 5 /OUTPUT 1 "tc";
    .port_info 6 /OUTPUT 1 "zero";
    .port_info 7 /OUTPUT 4 "ones";
L_000002b97cc26580 .functor AND 1, v000002b97cc800e0_0, L_000002b97cc81620, C4<1>, C4<1>;
L_000002b97cc82ca8 .functor BUFT 1, C4<0000>, C4<0>, C4<0>, C4<0>;
v000002b97cc80ae0_0 .net/2u *"_ivl_0", 3 0, L_000002b97cc82ca8;  1 drivers
v000002b97cc81120_0 .net *"_ivl_2", 0 0, L_000002b97cc7fa00;  1 drivers
L_000002b97cc82cf0 .functor BUFT 1, C4<1>, C4<0>, C4<0>, C4<0>;
v000002b97cc7ff00_0 .net/2u *"_ivl_4", 0 0, L_000002b97cc82cf0;  1 drivers
L_000002b97cc82d38 .functor BUFT 1, C4<0>, C4<0>, C4<0>, C4<0>;
v000002b97cc7f8c0_0 .net/2u *"_ivl_6", 0 0, L_000002b97cc82d38;  1 drivers
v000002b97cc809a0_0 .net "clearn", 0 0, v000002b97cc81300_0;  alias, 1 drivers
v000002b97cc80b80_0 .net "clk", 0 0, v000002b97cc805e0_0;  alias, 1 drivers
v000002b97cc80900_0 .net "data", 3 0, v000002b97cc7fe60_0;  alias, 1 drivers
v000002b97cc80360_0 .net "en", 0 0, v000002b97cc800e0_0;  alias, 1 drivers
v000002b97cc7fbe0_0 .net "loadn", 0 0, v000002b97cc813a0_0;  alias, 1 drivers
v000002b97cc80040_0 .var "ones", 3 0;
v000002b97cc80400_0 .net "tc", 0 0, L_000002b97cc26580;  alias, 1 drivers
v000002b97cc80860_0 .net "zero", 0 0, L_000002b97cc81620;  alias, 1 drivers
L_000002b97cc7fa00 .cmp/eq 4, v000002b97cc80040_0, L_000002b97cc82ca8;
L_000002b97cc81620 .functor MUXZ 1, L_000002b97cc82d38, L_000002b97cc82cf0, L_000002b97cc7fa00, C4<>;
    .scope S_000002b97cbc64a0;
T_0 ;
    %wait E_000002b97cc0fc20;
    %load/vec4 v000002b97cc7fbe0_0;
    %inv;
    %flag_set/vec4 8;
    %jmp/0xz  T_0.0, 8;
    %load/vec4 v000002b97cc80900_0;
    %assign/vec4 v000002b97cc80040_0, 0;
    %jmp T_0.1;
T_0.0 ;
    %load/vec4 v000002b97cc809a0_0;
    %inv;
    %flag_set/vec4 8;
    %jmp/0xz  T_0.2, 8;
    %pushi/vec4 0, 0, 4;
    %assign/vec4 v000002b97cc80040_0, 0;
    %jmp T_0.3;
T_0.2 ;
    %load/vec4 v000002b97cc80360_0;
    %flag_set/vec4 8;
    %jmp/0xz  T_0.4, 8;
    %load/vec4 v000002b97cc80040_0;
    %cmpi/e 0, 0, 4;
    %jmp/0xz  T_0.6, 4;
    %pushi/vec4 9, 0, 4;
    %assign/vec4 v000002b97cc80040_0, 0;
    %jmp T_0.7;
T_0.6 ;
    %load/vec4 v000002b97cc80040_0;
    %subi 1, 0, 4;
    %assign/vec4 v000002b97cc80040_0, 0;
T_0.7 ;
T_0.4 ;
T_0.3 ;
T_0.1 ;
    %jmp T_0;
    .thread T_0;
    .scope S_000002b97cc1b3d0;
T_1 ;
    %wait E_000002b97cc0fc20;
    %load/vec4 v000002b97cc0d760_0;
    %inv;
    %flag_set/vec4 8;
    %jmp/0xz  T_1.0, 8;
    %load/vec4 v000002b97cc0cea0_0;
    %assign/vec4 v000002b97cc0ca40_0, 0;
    %jmp T_1.1;
T_1.0 ;
    %load/vec4 v000002b97cc0ce00_0;
    %inv;
    %flag_set/vec4 8;
    %jmp/0xz  T_1.2, 8;
    %pushi/vec4 0, 0, 4;
    %assign/vec4 v000002b97cc0ca40_0, 0;
    %jmp T_1.3;
T_1.2 ;
    %load/vec4 v000002b97cc0d6c0_0;
    %flag_set/vec4 8;
    %jmp/0xz  T_1.4, 8;
    %load/vec4 v000002b97cc0ca40_0;
    %cmpi/e 0, 0, 4;
    %jmp/0xz  T_1.6, 4;
    %pushi/vec4 5, 0, 4;
    %assign/vec4 v000002b97cc0ca40_0, 0;
    %jmp T_1.7;
T_1.6 ;
    %load/vec4 v000002b97cc0ca40_0;
    %subi 1, 0, 4;
    %assign/vec4 v000002b97cc0ca40_0, 0;
T_1.7 ;
T_1.4 ;
T_1.3 ;
T_1.1 ;
    %jmp T_1;
    .thread T_1;
    .scope S_000002b97cc1b560;
T_2 ;
    %wait E_000002b97cc0fc20;
    %load/vec4 v000002b97cc0d440_0;
    %inv;
    %flag_set/vec4 8;
    %jmp/0xz  T_2.0, 8;
    %load/vec4 v000002b97cc0cfe0_0;
    %assign/vec4 v000002b97cc7fb40_0, 0;
    %jmp T_2.1;
T_2.0 ;
    %load/vec4 v000002b97cc0d4e0_0;
    %inv;
    %flag_set/vec4 8;
    %jmp/0xz  T_2.2, 8;
    %pushi/vec4 0, 0, 4;
    %assign/vec4 v000002b97cc7fb40_0, 0;
    %jmp T_2.3;
T_2.2 ;
    %load/vec4 v000002b97cc0d080_0;
    %flag_set/vec4 8;
    %jmp/0xz  T_2.4, 8;
    %load/vec4 v000002b97cc7fb40_0;
    %cmpi/e 0, 0, 4;
    %jmp/0xz  T_2.6, 4;
    %pushi/vec4 9, 0, 4;
    %assign/vec4 v000002b97cc7fb40_0, 0;
    %jmp T_2.7;
T_2.6 ;
    %load/vec4 v000002b97cc7fb40_0;
    %subi 1, 0, 4;
    %assign/vec4 v000002b97cc7fb40_0, 0;
T_2.7 ;
T_2.4 ;
T_2.3 ;
T_2.1 ;
    %jmp T_2;
    .thread T_2;
    .scope S_000002b97cc20390;
T_3 ;
    %vpi_call 2 16 "$dumpfile", "timer_nivel2_tb.vcd" {0 0 0};
    %vpi_call 2 17 "$dumpvars", 32'sb00000000000000000000000000000000, S_000002b97cc20390 {0 0 0};
    %pushi/vec4 0, 0, 1;
    %store/vec4 v000002b97cc805e0_0, 0, 1;
    %pushi/vec4 0, 0, 1;
    %store/vec4 v000002b97cc800e0_0, 0, 1;
    %pushi/vec4 0, 0, 1;
    %store/vec4 v000002b97cc813a0_0, 0, 1;
    %end;
    .thread T_3;
    .scope S_000002b97cc20390;
T_4 ;
    %delay 1000, 0;
    %load/vec4 v000002b97cc813a0_0;
    %flag_set/vec4 8;
    %jmp/0 T_4.0, 8;
    %load/vec4 v000002b97cc805e0_0;
    %inv;
    %jmp/1 T_4.1, 8;
T_4.0 ; End of true expr.
    %load/vec4 v000002b97cc805e0_0;
    %jmp/0 T_4.1, 8;
 ; End of false expr.
    %blend;
T_4.1;
    %store/vec4 v000002b97cc805e0_0, 0, 1;
    %jmp T_4;
    .thread T_4;
    .scope S_000002b97cc20390;
T_5 ;
    %pushi/vec4 1, 0, 1;
    %store/vec4 v000002b97cc81300_0, 0, 1;
    %delay 500, 0;
    %pushi/vec4 0, 0, 1;
    %store/vec4 v000002b97cc81300_0, 0, 1;
    %delay 500, 0;
    %pushi/vec4 1, 0, 1;
    %store/vec4 v000002b97cc81300_0, 0, 1;
    %delay 500, 0;
    %pushi/vec4 2, 0, 4;
    %store/vec4 v000002b97cc7fe60_0, 0, 4;
    %delay 40, 0;
    %pushi/vec4 1, 0, 1;
    %store/vec4 v000002b97cc805e0_0, 0, 1;
    %delay 10, 0;
    %pushi/vec4 0, 0, 1;
    %store/vec4 v000002b97cc805e0_0, 0, 1;
    %delay 950, 0;
    %pushi/vec4 0, 0, 4;
    %store/vec4 v000002b97cc7fe60_0, 0, 4;
    %delay 40, 0;
    %pushi/vec4 1, 0, 1;
    %store/vec4 v000002b97cc805e0_0, 0, 1;
    %delay 10, 0;
    %pushi/vec4 0, 0, 1;
    %store/vec4 v000002b97cc805e0_0, 0, 1;
    %delay 950, 0;
    %pushi/vec4 0, 0, 4;
    %store/vec4 v000002b97cc7fe60_0, 0, 4;
    %delay 40, 0;
    %pushi/vec4 1, 0, 1;
    %store/vec4 v000002b97cc805e0_0, 0, 1;
    %delay 10, 0;
    %pushi/vec4 0, 0, 1;
    %store/vec4 v000002b97cc805e0_0, 0, 1;
    %delay 950, 0;
    %pushi/vec4 1, 0, 1;
    %store/vec4 v000002b97cc800e0_0, 0, 1;
    %pushi/vec4 1, 0, 1;
    %store/vec4 v000002b97cc813a0_0, 0, 1;
    %delay 1000000, 0;
    %vpi_call 2 45 "$finish" {0 0 0};
    %end;
    .thread T_5;
# The file index is used to find the file name in the following table.
:file_names 6;
    "N/A";
    "<interactive>";
    "timer_nivel2_tb.v";
    "./timer_nivel2.v";
    "./nivel3_timer/contador_mod6.v";
    "./nivel3_timer/contador_mod10.v";
