#! /c/Source/iverilog-install/bin/vvp
:ivl_version "12.0 (devel)" "(s20150603-1539-g2693dd32b)";
:ivl_delay_selection "TYPICAL";
:vpi_time_precision - 12;
:vpi_module "C:\iverilog\lib\ivl\system.vpi";
:vpi_module "C:\iverilog\lib\ivl\vhdl_sys.vpi";
:vpi_module "C:\iverilog\lib\ivl\vhdl_textio.vpi";
:vpi_module "C:\iverilog\lib\ivl\v2005_math.vpi";
:vpi_module "C:\iverilog\lib\ivl\va_math.vpi";
S_000001c908feec00 .scope module, "timer_nivel2_tb" "timer_nivel2_tb" 2 4;
 .timescale -9 -12;
v000001c909046ff0_0 .var "clearn_tb", 0 0;
v000001c909047ef0_0 .var "clk_tb", 0 0;
v000001c909048530_0 .net "contador_zerado", 0 0, L_000001c908feb0d0;  1 drivers
v000001c9090479f0_0 .var "data_tb", 3 0;
v000001c909047090_0 .net "dezenas", 3 0, v000001c908fd0620_0;  1 drivers
v000001c9090471d0_0 .var "enable_tb", 0 0;
v000001c909048030_0 .var "loadn_tb", 0 0;
v000001c909047270_0 .net "minutos_tb", 3 0, v000001c909047950_0;  1 drivers
v000001c909047450_0 .net "unidades_tb", 3 0, v000001c909047630_0;  1 drivers
S_000001c908feed90 .scope module, "DUT" "timer_nivel2" 2 12, 3 10 0, S_000001c908feec00;
 .timescale -9 -12;
    .port_info 0 /INPUT 4 "data";
    .port_info 1 /INPUT 1 "clk";
    .port_info 2 /INPUT 1 "enable";
    .port_info 3 /INPUT 1 "load";
    .port_info 4 /INPUT 1 "clear";
    .port_info 5 /OUTPUT 4 "unidades";
    .port_info 6 /OUTPUT 4 "dezenas";
    .port_info 7 /OUTPUT 4 "minutos";
    .port_info 8 /OUTPUT 1 "zero";
L_000001c908feb140 .functor AND 1, L_000001c9090476d0, L_000001c909047db0, C4<1>, C4<1>;
L_000001c908feb0d0 .functor AND 1, L_000001c908feb140, L_000001c909046910, C4<1>, C4<1>;
v000001c909046eb0_0 .net *"_ivl_0", 0 0, L_000001c908feb140;  1 drivers
v000001c9090485d0_0 .net "clear", 0 0, v000001c909046ff0_0;  1 drivers
v000001c909048210_0 .net "clk", 0 0, v000001c909047ef0_0;  1 drivers
v000001c909046f50_0 .net "data", 3 0, v000001c9090479f0_0;  1 drivers
v000001c909047f90_0 .net "dezenas", 3 0, v000001c908fd0620_0;  alias, 1 drivers
v000001c909047c70_0 .net "enable", 0 0, v000001c9090471d0_0;  1 drivers
v000001c909048490_0 .net "load", 0 0, v000001c909048030_0;  1 drivers
v000001c9090483f0_0 .net "minutos", 3 0, v000001c909047950_0;  alias, 1 drivers
v000001c909047130_0 .net "tc1", 0 0, L_000001c908feb680;  1 drivers
v000001c9090474f0_0 .net "tc2", 0 0, L_000001c908feaea0;  1 drivers
v000001c909046b90_0 .net "tc3", 0 0, L_000001c908feb6f0;  1 drivers
v000001c909047770_0 .net "unidades", 3 0, v000001c909047630_0;  alias, 1 drivers
v000001c909048710_0 .net "zero", 0 0, L_000001c908feb0d0;  alias, 1 drivers
v000001c9090482b0_0 .net "zero1", 0 0, L_000001c9090476d0;  1 drivers
v000001c909046af0_0 .net "zero2", 0 0, L_000001c909047db0;  1 drivers
v000001c909047b30_0 .net "zero3", 0 0, L_000001c909046910;  1 drivers
S_000001c908fe7260 .scope module, "dezena" "contador_mod6" 3 34, 4 2 0, S_000001c908feed90;
 .timescale -9 -12;
    .port_info 0 /INPUT 1 "clk";
    .port_info 1 /INPUT 1 "loadn";
    .port_info 2 /INPUT 4 "data";
    .port_info 3 /INPUT 1 "clearn";
    .port_info 4 /INPUT 1 "en";
    .port_info 5 /OUTPUT 1 "tc";
    .port_info 6 /OUTPUT 1 "zero";
    .port_info 7 /OUTPUT 4 "tens";
L_000001c908feaea0 .functor AND 1, L_000001c908feb680, L_000001c909047db0, C4<1>, C4<1>;
L_000001c909090160 .functor BUFT 1, C4<0000>, C4<0>, C4<0>, C4<0>;
v000001c908fd0760_0 .net/2u *"_ivl_0", 3 0, L_000001c909090160;  1 drivers
v000001c908fd0940_0 .net *"_ivl_2", 0 0, L_000001c909047810;  1 drivers
L_000001c9090901a8 .functor BUFT 1, C4<1>, C4<0>, C4<0>, C4<0>;
v000001c908fd0f80_0 .net/2u *"_ivl_4", 0 0, L_000001c9090901a8;  1 drivers
L_000001c9090901f0 .functor BUFT 1, C4<0>, C4<0>, C4<0>, C4<0>;
v000001c908fd0b20_0 .net/2u *"_ivl_6", 0 0, L_000001c9090901f0;  1 drivers
v000001c908fd0580_0 .net "clearn", 0 0, v000001c909046ff0_0;  alias, 1 drivers
v000001c908fd1020_0 .net "clk", 0 0, v000001c909047ef0_0;  alias, 1 drivers
v000001c908fd10c0_0 .net "data", 3 0, v000001c909047630_0;  alias, 1 drivers
v000001c908fd0d00_0 .net "en", 0 0, L_000001c908feb680;  alias, 1 drivers
v000001c908fd08a0_0 .net "loadn", 0 0, v000001c909048030_0;  alias, 1 drivers
v000001c908fd0a80_0 .net "tc", 0 0, L_000001c908feaea0;  alias, 1 drivers
v000001c908fd0620_0 .var "tens", 3 0;
v000001c908fd0bc0_0 .net "zero", 0 0, L_000001c909047db0;  alias, 1 drivers
E_000001c908fedf00 .event posedge, v000001c908fd1020_0;
L_000001c909047810 .cmp/eq 4, v000001c908fd0620_0, L_000001c909090160;
L_000001c909047db0 .functor MUXZ 1, L_000001c9090901f0, L_000001c9090901a8, L_000001c909047810, C4<>;
S_000001c908fe73f0 .scope module, "minuto" "contador_mod10_2" 3 37, 5 3 0, S_000001c908feed90;
 .timescale -9 -12;
    .port_info 0 /INPUT 1 "clk";
    .port_info 1 /INPUT 1 "loadn";
    .port_info 2 /INPUT 4 "data";
    .port_info 3 /INPUT 1 "clearn";
    .port_info 4 /INPUT 1 "en";
    .port_info 5 /OUTPUT 1 "tc";
    .port_info 6 /OUTPUT 1 "zero";
    .port_info 7 /OUTPUT 4 "mins";
L_000001c908feb6f0 .functor AND 1, L_000001c908feaea0, L_000001c909046910, C4<1>, C4<1>;
L_000001c909090238 .functor BUFT 1, C4<0000>, C4<0>, C4<0>, C4<0>;
v000001c908fd06c0_0 .net/2u *"_ivl_0", 3 0, L_000001c909090238;  1 drivers
v000001c908fd0800_0 .net *"_ivl_2", 0 0, L_000001c9090478b0;  1 drivers
L_000001c909090280 .functor BUFT 1, C4<1>, C4<0>, C4<0>, C4<0>;
v000001c908fd04e0_0 .net/2u *"_ivl_4", 0 0, L_000001c909090280;  1 drivers
L_000001c9090902c8 .functor BUFT 1, C4<0>, C4<0>, C4<0>, C4<0>;
v000001c908fd0c60_0 .net/2u *"_ivl_6", 0 0, L_000001c9090902c8;  1 drivers
v000001c908fd1160_0 .net "clearn", 0 0, v000001c909046ff0_0;  alias, 1 drivers
v000001c908fd12a0_0 .net "clk", 0 0, v000001c909047ef0_0;  alias, 1 drivers
v000001c908fd0da0_0 .net "data", 3 0, v000001c908fd0620_0;  alias, 1 drivers
v000001c908fd0e40_0 .net "en", 0 0, L_000001c908feaea0;  alias, 1 drivers
v000001c908fd1200_0 .net "loadn", 0 0, v000001c909048030_0;  alias, 1 drivers
v000001c909047950_0 .var "mins", 3 0;
v000001c9090480d0_0 .net "tc", 0 0, L_000001c908feb6f0;  alias, 1 drivers
v000001c909047bd0_0 .net "zero", 0 0, L_000001c909046910;  alias, 1 drivers
L_000001c9090478b0 .cmp/eq 4, v000001c909047950_0, L_000001c909090238;
L_000001c909046910 .functor MUXZ 1, L_000001c9090902c8, L_000001c909090280, L_000001c9090478b0, C4<>;
S_000001c908f8dbc0 .scope module, "unidade" "contador_mod10" 3 31, 6 3 0, S_000001c908feed90;
 .timescale -9 -12;
    .port_info 0 /INPUT 1 "clk";
    .port_info 1 /INPUT 1 "loadn";
    .port_info 2 /INPUT 4 "data";
    .port_info 3 /INPUT 1 "clearn";
    .port_info 4 /INPUT 1 "en";
    .port_info 5 /OUTPUT 1 "tc";
    .port_info 6 /OUTPUT 1 "zero";
    .port_info 7 /OUTPUT 4 "ones";
L_000001c908feb680 .functor AND 1, v000001c9090471d0_0, L_000001c9090476d0, C4<1>, C4<1>;
L_000001c909090088 .functor BUFT 1, C4<0000>, C4<0>, C4<0>, C4<0>;
v000001c909046c30_0 .net/2u *"_ivl_0", 3 0, L_000001c909090088;  1 drivers
v000001c909048350_0 .net *"_ivl_2", 0 0, L_000001c909047e50;  1 drivers
L_000001c9090900d0 .functor BUFT 1, C4<1>, C4<0>, C4<0>, C4<0>;
v000001c909047310_0 .net/2u *"_ivl_4", 0 0, L_000001c9090900d0;  1 drivers
L_000001c909090118 .functor BUFT 1, C4<0>, C4<0>, C4<0>, C4<0>;
v000001c909046d70_0 .net/2u *"_ivl_6", 0 0, L_000001c909090118;  1 drivers
v000001c909047590_0 .net "clearn", 0 0, v000001c909046ff0_0;  alias, 1 drivers
v000001c9090473b0_0 .net "clk", 0 0, v000001c909047ef0_0;  alias, 1 drivers
v000001c909048670_0 .net "data", 3 0, v000001c9090479f0_0;  alias, 1 drivers
v000001c909047d10_0 .net "en", 0 0, v000001c9090471d0_0;  alias, 1 drivers
v000001c909046cd0_0 .net "loadn", 0 0, v000001c909048030_0;  alias, 1 drivers
v000001c909047630_0 .var "ones", 3 0;
v000001c909046870_0 .net "tc", 0 0, L_000001c908feb680;  alias, 1 drivers
v000001c909046e10_0 .net "zero", 0 0, L_000001c9090476d0;  alias, 1 drivers
L_000001c909047e50 .cmp/eq 4, v000001c909047630_0, L_000001c909090088;
L_000001c9090476d0 .functor MUXZ 1, L_000001c909090118, L_000001c9090900d0, L_000001c909047e50, C4<>;
    .scope S_000001c908f8dbc0;
T_0 ;
    %wait E_000001c908fedf00;
    %load/vec4 v000001c909046cd0_0;
    %inv;
    %flag_set/vec4 8;
    %jmp/0xz  T_0.0, 8;
    %load/vec4 v000001c909048670_0;
    %assign/vec4 v000001c909047630_0, 0;
    %jmp T_0.1;
T_0.0 ;
    %load/vec4 v000001c909047590_0;
    %inv;
    %flag_set/vec4 8;
    %jmp/0xz  T_0.2, 8;
    %pushi/vec4 0, 0, 4;
    %assign/vec4 v000001c909047630_0, 0;
    %jmp T_0.3;
T_0.2 ;
    %load/vec4 v000001c909047d10_0;
    %flag_set/vec4 8;
    %jmp/0xz  T_0.4, 8;
    %load/vec4 v000001c909047630_0;
    %cmpi/e 0, 0, 4;
    %jmp/0xz  T_0.6, 4;
    %pushi/vec4 9, 0, 4;
    %assign/vec4 v000001c909047630_0, 0;
    %jmp T_0.7;
T_0.6 ;
    %load/vec4 v000001c909047630_0;
    %subi 1, 0, 4;
    %assign/vec4 v000001c909047630_0, 0;
T_0.7 ;
T_0.4 ;
T_0.3 ;
T_0.1 ;
    %jmp T_0;
    .thread T_0;
    .scope S_000001c908fe7260;
T_1 ;
    %wait E_000001c908fedf00;
    %load/vec4 v000001c908fd08a0_0;
    %inv;
    %flag_set/vec4 8;
    %jmp/0xz  T_1.0, 8;
    %load/vec4 v000001c908fd10c0_0;
    %assign/vec4 v000001c908fd0620_0, 0;
    %jmp T_1.1;
T_1.0 ;
    %load/vec4 v000001c908fd0580_0;
    %inv;
    %flag_set/vec4 8;
    %jmp/0xz  T_1.2, 8;
    %pushi/vec4 0, 0, 4;
    %assign/vec4 v000001c908fd0620_0, 0;
    %jmp T_1.3;
T_1.2 ;
    %load/vec4 v000001c908fd0d00_0;
    %flag_set/vec4 8;
    %jmp/0xz  T_1.4, 8;
    %load/vec4 v000001c908fd0620_0;
    %cmpi/e 0, 0, 4;
    %jmp/0xz  T_1.6, 4;
    %pushi/vec4 5, 0, 4;
    %assign/vec4 v000001c908fd0620_0, 0;
    %jmp T_1.7;
T_1.6 ;
    %load/vec4 v000001c908fd0620_0;
    %subi 1, 0, 4;
    %assign/vec4 v000001c908fd0620_0, 0;
T_1.7 ;
T_1.4 ;
T_1.3 ;
T_1.1 ;
    %jmp T_1;
    .thread T_1;
    .scope S_000001c908fe73f0;
T_2 ;
    %wait E_000001c908fedf00;
    %load/vec4 v000001c908fd1200_0;
    %inv;
    %flag_set/vec4 8;
    %jmp/0xz  T_2.0, 8;
    %load/vec4 v000001c908fd0da0_0;
    %assign/vec4 v000001c909047950_0, 0;
    %jmp T_2.1;
T_2.0 ;
    %load/vec4 v000001c908fd1160_0;
    %inv;
    %flag_set/vec4 8;
    %jmp/0xz  T_2.2, 8;
    %pushi/vec4 0, 0, 4;
    %assign/vec4 v000001c909047950_0, 0;
    %jmp T_2.3;
T_2.2 ;
    %load/vec4 v000001c908fd0e40_0;
    %flag_set/vec4 8;
    %jmp/0xz  T_2.4, 8;
    %load/vec4 v000001c909047950_0;
    %cmpi/e 0, 0, 4;
    %jmp/0xz  T_2.6, 4;
    %pushi/vec4 9, 0, 4;
    %assign/vec4 v000001c909047950_0, 0;
    %jmp T_2.7;
T_2.6 ;
    %load/vec4 v000001c909047950_0;
    %subi 1, 0, 4;
    %assign/vec4 v000001c909047950_0, 0;
T_2.7 ;
T_2.4 ;
T_2.3 ;
T_2.1 ;
    %jmp T_2;
    .thread T_2;
    .scope S_000001c908feec00;
T_3 ;
    %vpi_call 2 16 "$dumpfile", "timer_nivel2_tb.vcd" {0 0 0};
    %vpi_call 2 17 "$dumpvars", 32'sb00000000000000000000000000000000, S_000001c908feec00 {0 0 0};
    %pushi/vec4 0, 0, 1;
    %store/vec4 v000001c909047ef0_0, 0, 1;
    %pushi/vec4 0, 0, 1;
    %store/vec4 v000001c9090471d0_0, 0, 1;
    %pushi/vec4 0, 0, 1;
    %store/vec4 v000001c909048030_0, 0, 1;
    %end;
    .thread T_3;
    .scope S_000001c908feec00;
T_4 ;
    %delay 1000, 0;
    %load/vec4 v000001c909048030_0;
    %flag_set/vec4 8;
    %jmp/0 T_4.0, 8;
    %load/vec4 v000001c909047ef0_0;
    %inv;
    %jmp/1 T_4.1, 8;
T_4.0 ; End of true expr.
    %load/vec4 v000001c909047ef0_0;
    %jmp/0 T_4.1, 8;
 ; End of false expr.
    %blend;
T_4.1;
    %store/vec4 v000001c909047ef0_0, 0, 1;
    %jmp T_4;
    .thread T_4;
    .scope S_000001c908feec00;
T_5 ;
    %pushi/vec4 1, 0, 1;
    %store/vec4 v000001c909046ff0_0, 0, 1;
    %delay 500, 0;
    %pushi/vec4 0, 0, 1;
    %store/vec4 v000001c909046ff0_0, 0, 1;
    %delay 500, 0;
    %pushi/vec4 1, 0, 1;
    %store/vec4 v000001c909046ff0_0, 0, 1;
    %delay 500, 0;
    %pushi/vec4 2, 0, 4;
    %store/vec4 v000001c9090479f0_0, 0, 4;
    %delay 40, 0;
    %pushi/vec4 1, 0, 1;
    %store/vec4 v000001c909047ef0_0, 0, 1;
    %delay 10, 0;
    %pushi/vec4 0, 0, 1;
    %store/vec4 v000001c909047ef0_0, 0, 1;
    %delay 950, 0;
    %pushi/vec4 0, 0, 4;
    %store/vec4 v000001c9090479f0_0, 0, 4;
    %delay 40, 0;
    %pushi/vec4 1, 0, 1;
    %store/vec4 v000001c909047ef0_0, 0, 1;
    %delay 10, 0;
    %pushi/vec4 0, 0, 1;
    %store/vec4 v000001c909047ef0_0, 0, 1;
    %delay 950, 0;
    %pushi/vec4 0, 0, 4;
    %store/vec4 v000001c9090479f0_0, 0, 4;
    %delay 40, 0;
    %pushi/vec4 1, 0, 1;
    %store/vec4 v000001c909047ef0_0, 0, 1;
    %delay 10, 0;
    %pushi/vec4 0, 0, 1;
    %store/vec4 v000001c909047ef0_0, 0, 1;
    %delay 950, 0;
    %pushi/vec4 1, 0, 1;
    %store/vec4 v000001c9090471d0_0, 0, 1;
    %pushi/vec4 1, 0, 1;
    %store/vec4 v000001c909048030_0, 0, 1;
    %delay 240500, 0;
    %vpi_call 2 45 "$finish" {0 0 0};
    %end;
    .thread T_5;
# The file index is used to find the file name in the following table.
:file_names 7;
    "N/A";
    "<interactive>";
    "timer_nivel2_tb.v";
    "./timer_nivel2.v";
    "./nivel3_timer/contador_mod6.v";
    "./nivel3_timer/contador_mod10_2.v";
    "./nivel3_timer/contador_mod10.v";
