#! /c/Source/iverilog-install/bin/vvp
:ivl_version "12.0 (devel)" "(s20150603-1539-g2693dd32b)";
:ivl_delay_selection "TYPICAL";
:vpi_time_precision - 12;
:vpi_module "C:\iverilog\lib\ivl\system.vpi";
:vpi_module "C:\iverilog\lib\ivl\vhdl_sys.vpi";
:vpi_module "C:\iverilog\lib\ivl\vhdl_textio.vpi";
:vpi_module "C:\iverilog\lib\ivl\v2005_math.vpi";
:vpi_module "C:\iverilog\lib\ivl\va_math.vpi";
S_000002827aaf22d0 .scope module, "timer_nivel2" "timer_nivel2" 2 10;
 .timescale -9 -12;
    .port_info 0 /INPUT 4 "data";
    .port_info 1 /INPUT 1 "clk";
    .port_info 2 /INPUT 1 "enable";
    .port_info 3 /INPUT 1 "load";
    .port_info 4 /INPUT 1 "clear";
    .port_info 5 /OUTPUT 4 "unidades";
    .port_info 6 /OUTPUT 4 "dezenas";
    .port_info 7 /OUTPUT 4 "minutos";
    .port_info 8 /OUTPUT 1 "zero";
L_000002827ab96970 .functor AND 1, L_000002827ab4ce80, L_000002827ab4cca0, C4<1>, C4<1>;
L_000002827ab965f0 .functor AND 1, L_000002827ab96970, L_000002827ab4bc60, C4<1>, C4<1>;
v000002827ab4c5c0_0 .net *"_ivl_0", 0 0, L_000002827ab96970;  1 drivers
o000002827aaf8048 .functor BUFZ 1, C4<z>; HiZ drive
v000002827ab4b1c0_0 .net "clear", 0 0, o000002827aaf8048;  0 drivers
o000002827aaf8078 .functor BUFZ 1, C4<z>; HiZ drive
v000002827ab4b800_0 .net "clk", 0 0, o000002827aaf8078;  0 drivers
o000002827aaf86d8 .functor BUFZ 4, C4<zzzz>; HiZ drive
v000002827ab4c700_0 .net "data", 3 0, o000002827aaf86d8;  0 drivers
v000002827ab4b940_0 .net "dezenas", 3 0, v000002827aadcc00_0;  1 drivers
o000002827aaf8708 .functor BUFZ 1, C4<z>; HiZ drive
v000002827ab4bee0_0 .net "enable", 0 0, o000002827aaf8708;  0 drivers
o000002827aaf8108 .functor BUFZ 1, C4<z>; HiZ drive
v000002827ab4c980_0 .net "load", 0 0, o000002827aaf8108;  0 drivers
v000002827ab4c480_0 .net "minutos", 3 0, v000002827ab4b760_0;  1 drivers
v000002827ab4bd00_0 .net "tc1", 0 0, L_000002827aaefe50;  1 drivers
v000002827ab4b9e0_0 .net "tc2", 0 0, L_000002827aaeff30;  1 drivers
v000002827ab4b080_0 .net "tc3", 0 0, L_000002827aaefad0;  1 drivers
v000002827ab4bf80_0 .net "unidades", 3 0, v000002827ab4c160_0;  1 drivers
v000002827ab4bda0_0 .net "zero", 0 0, L_000002827ab965f0;  1 drivers
v000002827ab4c7a0_0 .net "zero1", 0 0, L_000002827ab4ce80;  1 drivers
v000002827ab4be40_0 .net "zero2", 0 0, L_000002827ab4cca0;  1 drivers
v000002827ab4bb20_0 .net "zero3", 0 0, L_000002827ab4bc60;  1 drivers
S_000002827aaf2460 .scope module, "dezena" "contador_mod6" 2 34, 3 2 0, S_000002827aaf22d0;
 .timescale -9 -12;
    .port_info 0 /INPUT 1 "clk";
    .port_info 1 /INPUT 1 "loadn";
    .port_info 2 /INPUT 4 "data";
    .port_info 3 /INPUT 1 "clearn";
    .port_info 4 /INPUT 1 "en";
    .port_info 5 /OUTPUT 1 "tc";
    .port_info 6 /OUTPUT 1 "zero";
    .port_info 7 /OUTPUT 4 "tens";
L_000002827aaeff30 .functor AND 1, L_000002827aaefe50, L_000002827ab4cca0, C4<1>, C4<1>;
L_000002827ab4d120 .functor BUFT 1, C4<0000>, C4<0>, C4<0>, C4<0>;
v000002827aadcb60_0 .net/2u *"_ivl_0", 3 0, L_000002827ab4d120;  1 drivers
v000002827aadcde0_0 .net *"_ivl_2", 0 0, L_000002827ab4c200;  1 drivers
L_000002827ab4d168 .functor BUFT 1, C4<1>, C4<0>, C4<0>, C4<0>;
v000002827aadd060_0 .net/2u *"_ivl_4", 0 0, L_000002827ab4d168;  1 drivers
L_000002827ab4d1b0 .functor BUFT 1, C4<0>, C4<0>, C4<0>, C4<0>;
v000002827aadc980_0 .net/2u *"_ivl_6", 0 0, L_000002827ab4d1b0;  1 drivers
v000002827aadca20_0 .net "clearn", 0 0, o000002827aaf8048;  alias, 0 drivers
v000002827aadd2e0_0 .net "clk", 0 0, o000002827aaf8078;  alias, 0 drivers
v000002827aadcd40_0 .net "data", 3 0, v000002827ab4c160_0;  alias, 1 drivers
v000002827aadd380_0 .net "en", 0 0, L_000002827aaefe50;  alias, 1 drivers
v000002827aadcac0_0 .net "loadn", 0 0, o000002827aaf8108;  alias, 0 drivers
v000002827aadd4c0_0 .net "tc", 0 0, L_000002827aaeff30;  alias, 1 drivers
v000002827aadcc00_0 .var "tens", 3 0;
v000002827aadcf20_0 .net "zero", 0 0, L_000002827ab4cca0;  alias, 1 drivers
E_000002827aadeb40 .event posedge, v000002827aadd2e0_0;
L_000002827ab4c200 .cmp/eq 4, v000002827aadcc00_0, L_000002827ab4d120;
L_000002827ab4cca0 .functor MUXZ 1, L_000002827ab4d1b0, L_000002827ab4d168, L_000002827ab4c200, C4<>;
S_000002827aaeb3b0 .scope module, "minuto" "contador_mod10_2" 2 37, 4 3 0, S_000002827aaf22d0;
 .timescale -9 -12;
    .port_info 0 /INPUT 1 "clk";
    .port_info 1 /INPUT 1 "loadn";
    .port_info 2 /INPUT 4 "data";
    .port_info 3 /INPUT 1 "clearn";
    .port_info 4 /INPUT 1 "en";
    .port_info 5 /OUTPUT 1 "tc";
    .port_info 6 /OUTPUT 1 "zero";
    .port_info 7 /OUTPUT 4 "ones";
L_000002827aaefad0 .functor AND 1, L_000002827aaeff30, L_000002827ab4bc60, C4<1>, C4<1>;
L_000002827ab4d1f8 .functor BUFT 1, C4<0000>, C4<0>, C4<0>, C4<0>;
v000002827aadc700_0 .net/2u *"_ivl_0", 3 0, L_000002827ab4d1f8;  1 drivers
v000002827aadcca0_0 .net *"_ivl_2", 0 0, L_000002827ab4c3e0;  1 drivers
L_000002827ab4d240 .functor BUFT 1, C4<1>, C4<0>, C4<0>, C4<0>;
v000002827aadce80_0 .net/2u *"_ivl_4", 0 0, L_000002827ab4d240;  1 drivers
L_000002827ab4d288 .functor BUFT 1, C4<0>, C4<0>, C4<0>, C4<0>;
v000002827aadcfc0_0 .net/2u *"_ivl_6", 0 0, L_000002827ab4d288;  1 drivers
v000002827aadd100_0 .net "clearn", 0 0, o000002827aaf8048;  alias, 0 drivers
v000002827aadc7a0_0 .net "clk", 0 0, o000002827aaf8078;  alias, 0 drivers
v000002827aadd1a0_0 .net "data", 3 0, v000002827aadcc00_0;  alias, 1 drivers
v000002827aadd560_0 .net "en", 0 0, L_000002827aaeff30;  alias, 1 drivers
v000002827aadc660_0 .net "loadn", 0 0, o000002827aaf8108;  alias, 0 drivers
v000002827ab4b760_0 .var "ones", 3 0;
v000002827ab4c520_0 .net "tc", 0 0, L_000002827aaefad0;  alias, 1 drivers
v000002827ab4cd40_0 .net "zero", 0 0, L_000002827ab4bc60;  alias, 1 drivers
L_000002827ab4c3e0 .cmp/eq 4, v000002827ab4b760_0, L_000002827ab4d1f8;
L_000002827ab4bc60 .functor MUXZ 1, L_000002827ab4d288, L_000002827ab4d240, L_000002827ab4c3e0, C4<>;
S_000002827aaeb540 .scope module, "unidade" "contador_mod10" 2 31, 5 3 0, S_000002827aaf22d0;
 .timescale -9 -12;
    .port_info 0 /INPUT 1 "clk";
    .port_info 1 /INPUT 1 "loadn";
    .port_info 2 /INPUT 4 "data";
    .port_info 3 /INPUT 1 "clearn";
    .port_info 4 /INPUT 1 "en";
    .port_info 5 /OUTPUT 1 "tc";
    .port_info 6 /OUTPUT 1 "zero";
    .port_info 7 /OUTPUT 4 "ones";
L_000002827aaefe50 .functor AND 1, o000002827aaf8708, L_000002827ab4ce80, C4<1>, C4<1>;
L_000002827ab4d048 .functor BUFT 1, C4<0000>, C4<0>, C4<0>, C4<0>;
v000002827ab4c660_0 .net/2u *"_ivl_0", 3 0, L_000002827ab4d048;  1 drivers
v000002827ab4c8e0_0 .net *"_ivl_2", 0 0, L_000002827ab4bbc0;  1 drivers
L_000002827ab4d090 .functor BUFT 1, C4<1>, C4<0>, C4<0>, C4<0>;
v000002827ab4c340_0 .net/2u *"_ivl_4", 0 0, L_000002827ab4d090;  1 drivers
L_000002827ab4d0d8 .functor BUFT 1, C4<0>, C4<0>, C4<0>, C4<0>;
v000002827ab4b8a0_0 .net/2u *"_ivl_6", 0 0, L_000002827ab4d0d8;  1 drivers
v000002827ab4b4e0_0 .net "clearn", 0 0, o000002827aaf8048;  alias, 0 drivers
v000002827ab4b580_0 .net "clk", 0 0, o000002827aaf8078;  alias, 0 drivers
v000002827ab4c020_0 .net "data", 3 0, o000002827aaf86d8;  alias, 0 drivers
v000002827ab4b6c0_0 .net "en", 0 0, o000002827aaf8708;  alias, 0 drivers
v000002827ab4ba80_0 .net "loadn", 0 0, o000002827aaf8108;  alias, 0 drivers
v000002827ab4c160_0 .var "ones", 3 0;
v000002827ab4b620_0 .net "tc", 0 0, L_000002827aaefe50;  alias, 1 drivers
v000002827ab4c0c0_0 .net "zero", 0 0, L_000002827ab4ce80;  alias, 1 drivers
L_000002827ab4bbc0 .cmp/eq 4, v000002827ab4c160_0, L_000002827ab4d048;
L_000002827ab4ce80 .functor MUXZ 1, L_000002827ab4d0d8, L_000002827ab4d090, L_000002827ab4bbc0, C4<>;
    .scope S_000002827aaeb540;
T_0 ;
    %wait E_000002827aadeb40;
    %load/vec4 v000002827ab4ba80_0;
    %inv;
    %flag_set/vec4 8;
    %jmp/0xz  T_0.0, 8;
    %load/vec4 v000002827ab4c020_0;
    %assign/vec4 v000002827ab4c160_0, 0;
    %jmp T_0.1;
T_0.0 ;
    %load/vec4 v000002827ab4b4e0_0;
    %inv;
    %flag_set/vec4 8;
    %jmp/0xz  T_0.2, 8;
    %pushi/vec4 0, 0, 4;
    %assign/vec4 v000002827ab4c160_0, 0;
    %jmp T_0.3;
T_0.2 ;
    %load/vec4 v000002827ab4b6c0_0;
    %flag_set/vec4 8;
    %jmp/0xz  T_0.4, 8;
    %load/vec4 v000002827ab4c160_0;
    %cmpi/e 0, 0, 4;
    %jmp/0xz  T_0.6, 4;
    %pushi/vec4 9, 0, 4;
    %assign/vec4 v000002827ab4c160_0, 0;
    %jmp T_0.7;
T_0.6 ;
    %load/vec4 v000002827ab4c160_0;
    %subi 1, 0, 4;
    %assign/vec4 v000002827ab4c160_0, 0;
T_0.7 ;
T_0.4 ;
T_0.3 ;
T_0.1 ;
    %jmp T_0;
    .thread T_0;
    .scope S_000002827aaf2460;
T_1 ;
    %wait E_000002827aadeb40;
    %load/vec4 v000002827aadcac0_0;
    %inv;
    %flag_set/vec4 8;
    %jmp/0xz  T_1.0, 8;
    %load/vec4 v000002827aadcd40_0;
    %assign/vec4 v000002827aadcc00_0, 0;
    %jmp T_1.1;
T_1.0 ;
    %load/vec4 v000002827aadca20_0;
    %inv;
    %flag_set/vec4 8;
    %jmp/0xz  T_1.2, 8;
    %pushi/vec4 0, 0, 4;
    %assign/vec4 v000002827aadcc00_0, 0;
    %jmp T_1.3;
T_1.2 ;
    %load/vec4 v000002827aadd380_0;
    %flag_set/vec4 8;
    %jmp/0xz  T_1.4, 8;
    %load/vec4 v000002827aadcc00_0;
    %cmpi/e 0, 0, 4;
    %jmp/0xz  T_1.6, 4;
    %pushi/vec4 5, 0, 4;
    %assign/vec4 v000002827aadcc00_0, 0;
    %jmp T_1.7;
T_1.6 ;
    %load/vec4 v000002827aadcc00_0;
    %subi 1, 0, 4;
    %assign/vec4 v000002827aadcc00_0, 0;
T_1.7 ;
T_1.4 ;
T_1.3 ;
T_1.1 ;
    %jmp T_1;
    .thread T_1;
    .scope S_000002827aaeb3b0;
T_2 ;
    %wait E_000002827aadeb40;
    %load/vec4 v000002827aadc660_0;
    %inv;
    %flag_set/vec4 8;
    %jmp/0xz  T_2.0, 8;
    %load/vec4 v000002827aadd1a0_0;
    %assign/vec4 v000002827ab4b760_0, 0;
    %jmp T_2.1;
T_2.0 ;
    %load/vec4 v000002827aadd100_0;
    %inv;
    %flag_set/vec4 8;
    %jmp/0xz  T_2.2, 8;
    %pushi/vec4 0, 0, 4;
    %assign/vec4 v000002827ab4b760_0, 0;
    %jmp T_2.3;
T_2.2 ;
    %load/vec4 v000002827aadd560_0;
    %flag_set/vec4 8;
    %jmp/0xz  T_2.4, 8;
    %load/vec4 v000002827ab4b760_0;
    %cmpi/e 0, 0, 4;
    %jmp/0xz  T_2.6, 4;
    %pushi/vec4 9, 0, 4;
    %assign/vec4 v000002827ab4b760_0, 0;
    %jmp T_2.7;
T_2.6 ;
    %load/vec4 v000002827ab4b760_0;
    %subi 1, 0, 4;
    %assign/vec4 v000002827ab4b760_0, 0;
T_2.7 ;
T_2.4 ;
T_2.3 ;
T_2.1 ;
    %jmp T_2;
    .thread T_2;
# The file index is used to find the file name in the following table.
:file_names 6;
    "N/A";
    "<interactive>";
    "timer_nivel2.v";
    "./nivel3_timer/contador_mod6.v";
    "./nivel3_timer/contador_mod10_2.v";
    "./nivel3_timer/contador_mod10.v";
