#! /c/Source/iverilog-install/bin/vvp
:ivl_version "12.0 (devel)" "(s20150603-1539-g2693dd32b)";
:ivl_delay_selection "TYPICAL";
:vpi_time_precision - 9;
:vpi_module "C:\iverilog\lib\ivl\system.vpi";
:vpi_module "C:\iverilog\lib\ivl\vhdl_sys.vpi";
:vpi_module "C:\iverilog\lib\ivl\vhdl_textio.vpi";
:vpi_module "C:\iverilog\lib\ivl\v2005_math.vpi";
:vpi_module "C:\iverilog\lib\ivl\va_math.vpi";
S_000001daaa78f480 .scope module, "decoder_tb" "decoder_tb" 2 3;
 .timescale -9 -9;
v000001daaa7f0720_0 .var "DezenaSeg", 3 0;
v000001daaa7f02c0_0 .var "Minutos", 3 0;
v000001daaa7f0040_0 .net "OutDezenaSeg", 6 0, L_000001daaa7f5b90;  1 drivers
v000001daaa7efe60_0 .net "OutMinutos", 6 0, L_000001daaa7f5870;  1 drivers
v000001daaa7f1120_0 .net "OutUnidadeSeg", 6 0, L_000001daaa7f3ed0;  1 drivers
v000001daaa7f0360_0 .var "UnidadeSeg", 3 0;
S_000001daaa48e990 .scope module, "dut" "decoder" 2 14, 3 1 0, S_000001daaa78f480;
 .timescale 0 0;
    .port_info 0 /OUTPUT 7 "OutMinutos";
    .port_info 1 /OUTPUT 7 "OutDezenaSeg";
    .port_info 2 /OUTPUT 7 "OutUnidadeSeg";
    .port_info 3 /INPUT 4 "Minutos";
    .port_info 4 /INPUT 4 "DezenaSeg";
    .port_info 5 /INPUT 4 "UnidadeSeg";
v000001daaa78f040_0 .net "DezenaSeg", 3 0, v000001daaa7f0720_0;  1 drivers
v000001daaa78d9c0_0 .net "Minutos", 3 0, v000001daaa7f02c0_0;  1 drivers
v000001daaa78dd80_0 .net "OutDezenaSeg", 6 0, L_000001daaa7f5b90;  alias, 1 drivers
v000001daaa78d880_0 .net "OutMinutos", 6 0, L_000001daaa7f5870;  alias, 1 drivers
v000001daaa78e8c0_0 .net "OutUnidadeSeg", 6 0, L_000001daaa7f3ed0;  alias, 1 drivers
v000001daaa78dce0_0 .net "UnidadeSeg", 3 0, v000001daaa7f0360_0;  1 drivers
L_000001daaa830088 .functor BUFT 1, C4<0000>, C4<0>, C4<0>, C4<0>;
v000001daaa78e820_0 .net/2u *"_ivl_0", 3 0, L_000001daaa830088;  1 drivers
L_000001daaa830160 .functor BUFT 1, C4<1001111>, C4<0>, C4<0>, C4<0>;
v000001daaa78f360_0 .net/2u *"_ivl_10", 6 0, L_000001daaa830160;  1 drivers
L_000001daaa830820 .functor BUFT 1, C4<0011>, C4<0>, C4<0>, C4<0>;
v000001daaa78db00_0 .net/2u *"_ivl_100", 3 0, L_000001daaa830820;  1 drivers
v000001daaa78e320_0 .net *"_ivl_102", 0 0, L_000001daaa7f40b0;  1 drivers
L_000001daaa830868 .functor BUFT 1, C4<0000110>, C4<0>, C4<0>, C4<0>;
v000001daaa78e640_0 .net/2u *"_ivl_104", 6 0, L_000001daaa830868;  1 drivers
L_000001daaa8308b0 .functor BUFT 1, C4<0100>, C4<0>, C4<0>, C4<0>;
v000001daaa78dba0_0 .net/2u *"_ivl_106", 3 0, L_000001daaa8308b0;  1 drivers
v000001daaa78d600_0 .net *"_ivl_108", 0 0, L_000001daaa7f4150;  1 drivers
L_000001daaa8308f8 .functor BUFT 1, C4<1001100>, C4<0>, C4<0>, C4<0>;
v000001daaa78d6a0_0 .net/2u *"_ivl_110", 6 0, L_000001daaa8308f8;  1 drivers
L_000001daaa830940 .functor BUFT 1, C4<0101>, C4<0>, C4<0>, C4<0>;
v000001daaa78d740_0 .net/2u *"_ivl_112", 3 0, L_000001daaa830940;  1 drivers
v000001daaa78d7e0_0 .net *"_ivl_114", 0 0, L_000001daaa7f5050;  1 drivers
L_000001daaa830988 .functor BUFT 1, C4<0100100>, C4<0>, C4<0>, C4<0>;
v000001daaa78edc0_0 .net/2u *"_ivl_116", 6 0, L_000001daaa830988;  1 drivers
L_000001daaa8309d0 .functor BUFT 1, C4<0110>, C4<0>, C4<0>, C4<0>;
v000001daaa78eaa0_0 .net/2u *"_ivl_118", 3 0, L_000001daaa8309d0;  1 drivers
L_000001daaa8301a8 .functor BUFT 1, C4<0010>, C4<0>, C4<0>, C4<0>;
v000001daaa78e6e0_0 .net/2u *"_ivl_12", 3 0, L_000001daaa8301a8;  1 drivers
v000001daaa78e0a0_0 .net *"_ivl_120", 0 0, L_000001daaa7f4e70;  1 drivers
L_000001daaa830a18 .functor BUFT 1, C4<0100000>, C4<0>, C4<0>, C4<0>;
v000001daaa78e280_0 .net/2u *"_ivl_122", 6 0, L_000001daaa830a18;  1 drivers
L_000001daaa830a60 .functor BUFT 1, C4<0111>, C4<0>, C4<0>, C4<0>;
v000001daaa78f2c0_0 .net/2u *"_ivl_124", 3 0, L_000001daaa830a60;  1 drivers
v000001daaa78e460_0 .net *"_ivl_126", 0 0, L_000001daaa7f4f10;  1 drivers
L_000001daaa830aa8 .functor BUFT 1, C4<0001101>, C4<0>, C4<0>, C4<0>;
v000001daaa78f0e0_0 .net/2u *"_ivl_128", 6 0, L_000001daaa830aa8;  1 drivers
L_000001daaa830af0 .functor BUFT 1, C4<1000>, C4<0>, C4<0>, C4<0>;
v000001daaa78e1e0_0 .net/2u *"_ivl_130", 3 0, L_000001daaa830af0;  1 drivers
v000001daaa78de20_0 .net *"_ivl_132", 0 0, L_000001daaa7f45b0;  1 drivers
L_000001daaa830b38 .functor BUFT 1, C4<0000000>, C4<0>, C4<0>, C4<0>;
v000001daaa78d920_0 .net/2u *"_ivl_134", 6 0, L_000001daaa830b38;  1 drivers
L_000001daaa830b80 .functor BUFT 1, C4<1001>, C4<0>, C4<0>, C4<0>;
v000001daaa78da60_0 .net/2u *"_ivl_136", 3 0, L_000001daaa830b80;  1 drivers
v000001daaa78eb40_0 .net *"_ivl_138", 0 0, L_000001daaa7f4b50;  1 drivers
v000001daaa78dc40_0 .net *"_ivl_14", 0 0, L_000001daaa7f1440;  1 drivers
L_000001daaa830bc8 .functor BUFT 1, C4<0000100>, C4<0>, C4<0>, C4<0>;
v000001daaa78ef00_0 .net/2u *"_ivl_140", 6 0, L_000001daaa830bc8;  1 drivers
L_000001daaa830c10 .functor BUFT 1, C4<0000000>, C4<0>, C4<0>, C4<0>;
v000001daaa78dec0_0 .net/2u *"_ivl_142", 6 0, L_000001daaa830c10;  1 drivers
v000001daaa78d4c0_0 .net *"_ivl_144", 6 0, L_000001daaa7f43d0;  1 drivers
v000001daaa78efa0_0 .net *"_ivl_146", 6 0, L_000001daaa7f5370;  1 drivers
v000001daaa78df60_0 .net *"_ivl_148", 6 0, L_000001daaa7f52d0;  1 drivers
v000001daaa78e500_0 .net *"_ivl_150", 6 0, L_000001daaa7f5190;  1 drivers
v000001daaa78f180_0 .net *"_ivl_152", 6 0, L_000001daaa7f4a10;  1 drivers
v000001daaa78ebe0_0 .net *"_ivl_154", 6 0, L_000001daaa7f4ab0;  1 drivers
v000001daaa78ec80_0 .net *"_ivl_156", 6 0, L_000001daaa7f5230;  1 drivers
v000001daaa78e000_0 .net *"_ivl_158", 6 0, L_000001daaa7f4470;  1 drivers
L_000001daaa8301f0 .functor BUFT 1, C4<0010010>, C4<0>, C4<0>, C4<0>;
v000001daaa78e140_0 .net/2u *"_ivl_16", 6 0, L_000001daaa8301f0;  1 drivers
v000001daaa78ed20_0 .net *"_ivl_160", 6 0, L_000001daaa7f5910;  1 drivers
L_000001daaa830c58 .functor BUFT 1, C4<0000>, C4<0>, C4<0>, C4<0>;
v000001daaa78e3c0_0 .net/2u *"_ivl_164", 3 0, L_000001daaa830c58;  1 drivers
v000001daaa78e5a0_0 .net *"_ivl_166", 0 0, L_000001daaa7f4790;  1 drivers
L_000001daaa830ca0 .functor BUFT 1, C4<0000001>, C4<0>, C4<0>, C4<0>;
v000001daaa78f220_0 .net/2u *"_ivl_168", 6 0, L_000001daaa830ca0;  1 drivers
L_000001daaa830ce8 .functor BUFT 1, C4<0001>, C4<0>, C4<0>, C4<0>;
v000001daaa78e780_0 .net/2u *"_ivl_170", 3 0, L_000001daaa830ce8;  1 drivers
v000001daaa78d560_0 .net *"_ivl_172", 0 0, L_000001daaa7f4830;  1 drivers
L_000001daaa830d30 .functor BUFT 1, C4<1001111>, C4<0>, C4<0>, C4<0>;
v000001daaa78e960_0 .net/2u *"_ivl_174", 6 0, L_000001daaa830d30;  1 drivers
L_000001daaa830d78 .functor BUFT 1, C4<0010>, C4<0>, C4<0>, C4<0>;
v000001daaa78ee60_0 .net/2u *"_ivl_176", 3 0, L_000001daaa830d78;  1 drivers
v000001daaa7edf40_0 .net *"_ivl_178", 0 0, L_000001daaa7f4010;  1 drivers
L_000001daaa830238 .functor BUFT 1, C4<0011>, C4<0>, C4<0>, C4<0>;
v000001daaa7ed9a0_0 .net/2u *"_ivl_18", 3 0, L_000001daaa830238;  1 drivers
L_000001daaa830dc0 .functor BUFT 1, C4<0010010>, C4<0>, C4<0>, C4<0>;
v000001daaa7ee4e0_0 .net/2u *"_ivl_180", 6 0, L_000001daaa830dc0;  1 drivers
L_000001daaa830e08 .functor BUFT 1, C4<0011>, C4<0>, C4<0>, C4<0>;
v000001daaa7edfe0_0 .net/2u *"_ivl_182", 3 0, L_000001daaa830e08;  1 drivers
v000001daaa7ee1c0_0 .net *"_ivl_184", 0 0, L_000001daaa7f4650;  1 drivers
L_000001daaa830e50 .functor BUFT 1, C4<0000110>, C4<0>, C4<0>, C4<0>;
v000001daaa7ee9e0_0 .net/2u *"_ivl_186", 6 0, L_000001daaa830e50;  1 drivers
L_000001daaa830e98 .functor BUFT 1, C4<0100>, C4<0>, C4<0>, C4<0>;
v000001daaa7ee080_0 .net/2u *"_ivl_188", 3 0, L_000001daaa830e98;  1 drivers
v000001daaa7ede00_0 .net *"_ivl_190", 0 0, L_000001daaa7f5a50;  1 drivers
L_000001daaa830ee0 .functor BUFT 1, C4<1001100>, C4<0>, C4<0>, C4<0>;
v000001daaa7ef2a0_0 .net/2u *"_ivl_192", 6 0, L_000001daaa830ee0;  1 drivers
L_000001daaa830f28 .functor BUFT 1, C4<0101>, C4<0>, C4<0>, C4<0>;
v000001daaa7ed7c0_0 .net/2u *"_ivl_194", 3 0, L_000001daaa830f28;  1 drivers
v000001daaa7eeee0_0 .net *"_ivl_196", 0 0, L_000001daaa7f41f0;  1 drivers
L_000001daaa830f70 .functor BUFT 1, C4<0100100>, C4<0>, C4<0>, C4<0>;
v000001daaa7ed860_0 .net/2u *"_ivl_198", 6 0, L_000001daaa830f70;  1 drivers
v000001daaa7ee620_0 .net *"_ivl_2", 0 0, L_000001daaa7f0400;  1 drivers
v000001daaa7ef340_0 .net *"_ivl_20", 0 0, L_000001daaa7eff00;  1 drivers
L_000001daaa830fb8 .functor BUFT 1, C4<0110>, C4<0>, C4<0>, C4<0>;
v000001daaa7ef020_0 .net/2u *"_ivl_200", 3 0, L_000001daaa830fb8;  1 drivers
v000001daaa7ed900_0 .net *"_ivl_202", 0 0, L_000001daaa7f5af0;  1 drivers
L_000001daaa831000 .functor BUFT 1, C4<0100000>, C4<0>, C4<0>, C4<0>;
v000001daaa7eef80_0 .net/2u *"_ivl_204", 6 0, L_000001daaa831000;  1 drivers
L_000001daaa831048 .functor BUFT 1, C4<0111>, C4<0>, C4<0>, C4<0>;
v000001daaa7eda40_0 .net/2u *"_ivl_206", 3 0, L_000001daaa831048;  1 drivers
v000001daaa7ed5e0_0 .net *"_ivl_208", 0 0, L_000001daaa7f4290;  1 drivers
L_000001daaa831090 .functor BUFT 1, C4<0001101>, C4<0>, C4<0>, C4<0>;
v000001daaa7ee800_0 .net/2u *"_ivl_210", 6 0, L_000001daaa831090;  1 drivers
L_000001daaa8310d8 .functor BUFT 1, C4<1000>, C4<0>, C4<0>, C4<0>;
v000001daaa7ed4a0_0 .net/2u *"_ivl_212", 3 0, L_000001daaa8310d8;  1 drivers
v000001daaa7edb80_0 .net *"_ivl_214", 0 0, L_000001daaa7f4dd0;  1 drivers
L_000001daaa831120 .functor BUFT 1, C4<0000000>, C4<0>, C4<0>, C4<0>;
v000001daaa7ee260_0 .net/2u *"_ivl_216", 6 0, L_000001daaa831120;  1 drivers
L_000001daaa831168 .functor BUFT 1, C4<1001>, C4<0>, C4<0>, C4<0>;
v000001daaa7ee3a0_0 .net/2u *"_ivl_218", 3 0, L_000001daaa831168;  1 drivers
L_000001daaa830280 .functor BUFT 1, C4<0000110>, C4<0>, C4<0>, C4<0>;
v000001daaa7ee120_0 .net/2u *"_ivl_22", 6 0, L_000001daaa830280;  1 drivers
v000001daaa7edd60_0 .net *"_ivl_220", 0 0, L_000001daaa7f4330;  1 drivers
L_000001daaa8311b0 .functor BUFT 1, C4<0000100>, C4<0>, C4<0>, C4<0>;
v000001daaa7ee940_0 .net/2u *"_ivl_222", 6 0, L_000001daaa8311b0;  1 drivers
L_000001daaa8311f8 .functor BUFT 1, C4<0000000>, C4<0>, C4<0>, C4<0>;
v000001daaa7ee440_0 .net/2u *"_ivl_224", 6 0, L_000001daaa8311f8;  1 drivers
v000001daaa7ee8a0_0 .net *"_ivl_226", 6 0, L_000001daaa7f4d30;  1 drivers
v000001daaa7eee40_0 .net *"_ivl_228", 6 0, L_000001daaa7f50f0;  1 drivers
v000001daaa7ee580_0 .net *"_ivl_230", 6 0, L_000001daaa7f48d0;  1 drivers
v000001daaa7ef0c0_0 .net *"_ivl_232", 6 0, L_000001daaa7f4bf0;  1 drivers
v000001daaa7eeb20_0 .net *"_ivl_234", 6 0, L_000001daaa7f4970;  1 drivers
v000001daaa7ee300_0 .net *"_ivl_236", 6 0, L_000001daaa7f5410;  1 drivers
v000001daaa7ed540_0 .net *"_ivl_238", 6 0, L_000001daaa7f3cf0;  1 drivers
L_000001daaa8302c8 .functor BUFT 1, C4<0100>, C4<0>, C4<0>, C4<0>;
v000001daaa7ee6c0_0 .net/2u *"_ivl_24", 3 0, L_000001daaa8302c8;  1 drivers
v000001daaa7ee760_0 .net *"_ivl_240", 6 0, L_000001daaa7f3d90;  1 drivers
v000001daaa7ef160_0 .net *"_ivl_242", 6 0, L_000001daaa7f3e30;  1 drivers
v000001daaa7eea80_0 .net *"_ivl_26", 0 0, L_000001daaa7f0a40;  1 drivers
L_000001daaa830310 .functor BUFT 1, C4<1001100>, C4<0>, C4<0>, C4<0>;
v000001daaa7eebc0_0 .net/2u *"_ivl_28", 6 0, L_000001daaa830310;  1 drivers
L_000001daaa830358 .functor BUFT 1, C4<0101>, C4<0>, C4<0>, C4<0>;
v000001daaa7edae0_0 .net/2u *"_ivl_30", 3 0, L_000001daaa830358;  1 drivers
v000001daaa7eec60_0 .net *"_ivl_32", 0 0, L_000001daaa7f14e0;  1 drivers
L_000001daaa8303a0 .functor BUFT 1, C4<0100100>, C4<0>, C4<0>, C4<0>;
v000001daaa7edcc0_0 .net/2u *"_ivl_34", 6 0, L_000001daaa8303a0;  1 drivers
L_000001daaa8303e8 .functor BUFT 1, C4<0110>, C4<0>, C4<0>, C4<0>;
v000001daaa7eed00_0 .net/2u *"_ivl_36", 3 0, L_000001daaa8303e8;  1 drivers
v000001daaa7eeda0_0 .net *"_ivl_38", 0 0, L_000001daaa7effa0;  1 drivers
L_000001daaa8300d0 .functor BUFT 1, C4<0000001>, C4<0>, C4<0>, C4<0>;
v000001daaa7ed680_0 .net/2u *"_ivl_4", 6 0, L_000001daaa8300d0;  1 drivers
L_000001daaa830430 .functor BUFT 1, C4<0100000>, C4<0>, C4<0>, C4<0>;
v000001daaa7ef200_0 .net/2u *"_ivl_40", 6 0, L_000001daaa830430;  1 drivers
L_000001daaa830478 .functor BUFT 1, C4<0111>, C4<0>, C4<0>, C4<0>;
v000001daaa7edc20_0 .net/2u *"_ivl_42", 3 0, L_000001daaa830478;  1 drivers
v000001daaa7ed720_0 .net *"_ivl_44", 0 0, L_000001daaa7f1300;  1 drivers
L_000001daaa8304c0 .functor BUFT 1, C4<0001101>, C4<0>, C4<0>, C4<0>;
v000001daaa7edea0_0 .net/2u *"_ivl_46", 6 0, L_000001daaa8304c0;  1 drivers
L_000001daaa830508 .functor BUFT 1, C4<1000>, C4<0>, C4<0>, C4<0>;
v000001daaa7f1760_0 .net/2u *"_ivl_48", 3 0, L_000001daaa830508;  1 drivers
v000001daaa7efaa0_0 .net *"_ivl_50", 0 0, L_000001daaa7f04a0;  1 drivers
L_000001daaa830550 .functor BUFT 1, C4<0000000>, C4<0>, C4<0>, C4<0>;
v000001daaa7efb40_0 .net/2u *"_ivl_52", 6 0, L_000001daaa830550;  1 drivers
L_000001daaa830598 .functor BUFT 1, C4<1001>, C4<0>, C4<0>, C4<0>;
v000001daaa7f11c0_0 .net/2u *"_ivl_54", 3 0, L_000001daaa830598;  1 drivers
v000001daaa7efa00_0 .net *"_ivl_56", 0 0, L_000001daaa7f07c0;  1 drivers
L_000001daaa8305e0 .functor BUFT 1, C4<0000100>, C4<0>, C4<0>, C4<0>;
v000001daaa7f0d60_0 .net/2u *"_ivl_58", 6 0, L_000001daaa8305e0;  1 drivers
L_000001daaa830118 .functor BUFT 1, C4<0001>, C4<0>, C4<0>, C4<0>;
v000001daaa7f0540_0 .net/2u *"_ivl_6", 3 0, L_000001daaa830118;  1 drivers
L_000001daaa830628 .functor BUFT 1, C4<0000000>, C4<0>, C4<0>, C4<0>;
v000001daaa7f0900_0 .net/2u *"_ivl_60", 6 0, L_000001daaa830628;  1 drivers
v000001daaa7ef960_0 .net *"_ivl_62", 6 0, L_000001daaa7f1580;  1 drivers
v000001daaa7efd20_0 .net *"_ivl_64", 6 0, L_000001daaa7f0ae0;  1 drivers
v000001daaa7f1260_0 .net *"_ivl_66", 6 0, L_000001daaa7f0860;  1 drivers
v000001daaa7f0f40_0 .net *"_ivl_68", 6 0, L_000001daaa7f0b80;  1 drivers
v000001daaa7ef8c0_0 .net *"_ivl_70", 6 0, L_000001daaa7f16c0;  1 drivers
v000001daaa7f00e0_0 .net *"_ivl_72", 6 0, L_000001daaa7f0c20;  1 drivers
v000001daaa7f0e00_0 .net *"_ivl_74", 6 0, L_000001daaa7f0cc0;  1 drivers
v000001daaa7f0fe0_0 .net *"_ivl_76", 6 0, L_000001daaa7f4fb0;  1 drivers
v000001daaa7f1080_0 .net *"_ivl_78", 6 0, L_000001daaa7f59b0;  1 drivers
v000001daaa7f09a0_0 .net *"_ivl_8", 0 0, L_000001daaa7f0ea0;  1 drivers
L_000001daaa830670 .functor BUFT 1, C4<0000>, C4<0>, C4<0>, C4<0>;
v000001daaa7f05e0_0 .net/2u *"_ivl_82", 3 0, L_000001daaa830670;  1 drivers
v000001daaa7efbe0_0 .net *"_ivl_84", 0 0, L_000001daaa7f5550;  1 drivers
L_000001daaa8306b8 .functor BUFT 1, C4<0000001>, C4<0>, C4<0>, C4<0>;
v000001daaa7f1620_0 .net/2u *"_ivl_86", 6 0, L_000001daaa8306b8;  1 drivers
L_000001daaa830700 .functor BUFT 1, C4<0001>, C4<0>, C4<0>, C4<0>;
v000001daaa7efc80_0 .net/2u *"_ivl_88", 3 0, L_000001daaa830700;  1 drivers
v000001daaa7f13a0_0 .net *"_ivl_90", 0 0, L_000001daaa7f46f0;  1 drivers
L_000001daaa830748 .functor BUFT 1, C4<1001111>, C4<0>, C4<0>, C4<0>;
v000001daaa7f0180_0 .net/2u *"_ivl_92", 6 0, L_000001daaa830748;  1 drivers
L_000001daaa830790 .functor BUFT 1, C4<0010>, C4<0>, C4<0>, C4<0>;
v000001daaa7efdc0_0 .net/2u *"_ivl_94", 3 0, L_000001daaa830790;  1 drivers
v000001daaa7f0220_0 .net *"_ivl_96", 0 0, L_000001daaa7f4510;  1 drivers
L_000001daaa8307d8 .functor BUFT 1, C4<0010010>, C4<0>, C4<0>, C4<0>;
v000001daaa7f0680_0 .net/2u *"_ivl_98", 6 0, L_000001daaa8307d8;  1 drivers
L_000001daaa7f0400 .cmp/eq 4, v000001daaa7f02c0_0, L_000001daaa830088;
L_000001daaa7f0ea0 .cmp/eq 4, v000001daaa7f02c0_0, L_000001daaa830118;
L_000001daaa7f1440 .cmp/eq 4, v000001daaa7f02c0_0, L_000001daaa8301a8;
L_000001daaa7eff00 .cmp/eq 4, v000001daaa7f02c0_0, L_000001daaa830238;
L_000001daaa7f0a40 .cmp/eq 4, v000001daaa7f02c0_0, L_000001daaa8302c8;
L_000001daaa7f14e0 .cmp/eq 4, v000001daaa7f02c0_0, L_000001daaa830358;
L_000001daaa7effa0 .cmp/eq 4, v000001daaa7f02c0_0, L_000001daaa8303e8;
L_000001daaa7f1300 .cmp/eq 4, v000001daaa7f02c0_0, L_000001daaa830478;
L_000001daaa7f04a0 .cmp/eq 4, v000001daaa7f02c0_0, L_000001daaa830508;
L_000001daaa7f07c0 .cmp/eq 4, v000001daaa7f02c0_0, L_000001daaa830598;
L_000001daaa7f1580 .functor MUXZ 7, L_000001daaa830628, L_000001daaa8305e0, L_000001daaa7f07c0, C4<>;
L_000001daaa7f0ae0 .functor MUXZ 7, L_000001daaa7f1580, L_000001daaa830550, L_000001daaa7f04a0, C4<>;
L_000001daaa7f0860 .functor MUXZ 7, L_000001daaa7f0ae0, L_000001daaa8304c0, L_000001daaa7f1300, C4<>;
L_000001daaa7f0b80 .functor MUXZ 7, L_000001daaa7f0860, L_000001daaa830430, L_000001daaa7effa0, C4<>;
L_000001daaa7f16c0 .functor MUXZ 7, L_000001daaa7f0b80, L_000001daaa8303a0, L_000001daaa7f14e0, C4<>;
L_000001daaa7f0c20 .functor MUXZ 7, L_000001daaa7f16c0, L_000001daaa830310, L_000001daaa7f0a40, C4<>;
L_000001daaa7f0cc0 .functor MUXZ 7, L_000001daaa7f0c20, L_000001daaa830280, L_000001daaa7eff00, C4<>;
L_000001daaa7f4fb0 .functor MUXZ 7, L_000001daaa7f0cc0, L_000001daaa8301f0, L_000001daaa7f1440, C4<>;
L_000001daaa7f59b0 .functor MUXZ 7, L_000001daaa7f4fb0, L_000001daaa830160, L_000001daaa7f0ea0, C4<>;
L_000001daaa7f5870 .functor MUXZ 7, L_000001daaa7f59b0, L_000001daaa8300d0, L_000001daaa7f0400, C4<>;
L_000001daaa7f5550 .cmp/eq 4, v000001daaa7f0720_0, L_000001daaa830670;
L_000001daaa7f46f0 .cmp/eq 4, v000001daaa7f0720_0, L_000001daaa830700;
L_000001daaa7f4510 .cmp/eq 4, v000001daaa7f0720_0, L_000001daaa830790;
L_000001daaa7f40b0 .cmp/eq 4, v000001daaa7f0720_0, L_000001daaa830820;
L_000001daaa7f4150 .cmp/eq 4, v000001daaa7f0720_0, L_000001daaa8308b0;
L_000001daaa7f5050 .cmp/eq 4, v000001daaa7f0720_0, L_000001daaa830940;
L_000001daaa7f4e70 .cmp/eq 4, v000001daaa7f0720_0, L_000001daaa8309d0;
L_000001daaa7f4f10 .cmp/eq 4, v000001daaa7f0720_0, L_000001daaa830a60;
L_000001daaa7f45b0 .cmp/eq 4, v000001daaa7f0720_0, L_000001daaa830af0;
L_000001daaa7f4b50 .cmp/eq 4, v000001daaa7f0720_0, L_000001daaa830b80;
L_000001daaa7f43d0 .functor MUXZ 7, L_000001daaa830c10, L_000001daaa830bc8, L_000001daaa7f4b50, C4<>;
L_000001daaa7f5370 .functor MUXZ 7, L_000001daaa7f43d0, L_000001daaa830b38, L_000001daaa7f45b0, C4<>;
L_000001daaa7f52d0 .functor MUXZ 7, L_000001daaa7f5370, L_000001daaa830aa8, L_000001daaa7f4f10, C4<>;
L_000001daaa7f5190 .functor MUXZ 7, L_000001daaa7f52d0, L_000001daaa830a18, L_000001daaa7f4e70, C4<>;
L_000001daaa7f4a10 .functor MUXZ 7, L_000001daaa7f5190, L_000001daaa830988, L_000001daaa7f5050, C4<>;
L_000001daaa7f4ab0 .functor MUXZ 7, L_000001daaa7f4a10, L_000001daaa8308f8, L_000001daaa7f4150, C4<>;
L_000001daaa7f5230 .functor MUXZ 7, L_000001daaa7f4ab0, L_000001daaa830868, L_000001daaa7f40b0, C4<>;
L_000001daaa7f4470 .functor MUXZ 7, L_000001daaa7f5230, L_000001daaa8307d8, L_000001daaa7f4510, C4<>;
L_000001daaa7f5910 .functor MUXZ 7, L_000001daaa7f4470, L_000001daaa830748, L_000001daaa7f46f0, C4<>;
L_000001daaa7f5b90 .functor MUXZ 7, L_000001daaa7f5910, L_000001daaa8306b8, L_000001daaa7f5550, C4<>;
L_000001daaa7f4790 .cmp/eq 4, v000001daaa7f0360_0, L_000001daaa830c58;
L_000001daaa7f4830 .cmp/eq 4, v000001daaa7f0360_0, L_000001daaa830ce8;
L_000001daaa7f4010 .cmp/eq 4, v000001daaa7f0360_0, L_000001daaa830d78;
L_000001daaa7f4650 .cmp/eq 4, v000001daaa7f0360_0, L_000001daaa830e08;
L_000001daaa7f5a50 .cmp/eq 4, v000001daaa7f0360_0, L_000001daaa830e98;
L_000001daaa7f41f0 .cmp/eq 4, v000001daaa7f0360_0, L_000001daaa830f28;
L_000001daaa7f5af0 .cmp/eq 4, v000001daaa7f0360_0, L_000001daaa830fb8;
L_000001daaa7f4290 .cmp/eq 4, v000001daaa7f0360_0, L_000001daaa831048;
L_000001daaa7f4dd0 .cmp/eq 4, v000001daaa7f0360_0, L_000001daaa8310d8;
L_000001daaa7f4330 .cmp/eq 4, v000001daaa7f0360_0, L_000001daaa831168;
L_000001daaa7f4d30 .functor MUXZ 7, L_000001daaa8311f8, L_000001daaa8311b0, L_000001daaa7f4330, C4<>;
L_000001daaa7f50f0 .functor MUXZ 7, L_000001daaa7f4d30, L_000001daaa831120, L_000001daaa7f4dd0, C4<>;
L_000001daaa7f48d0 .functor MUXZ 7, L_000001daaa7f50f0, L_000001daaa831090, L_000001daaa7f4290, C4<>;
L_000001daaa7f4bf0 .functor MUXZ 7, L_000001daaa7f48d0, L_000001daaa831000, L_000001daaa7f5af0, C4<>;
L_000001daaa7f4970 .functor MUXZ 7, L_000001daaa7f4bf0, L_000001daaa830f70, L_000001daaa7f41f0, C4<>;
L_000001daaa7f5410 .functor MUXZ 7, L_000001daaa7f4970, L_000001daaa830ee0, L_000001daaa7f5a50, C4<>;
L_000001daaa7f3cf0 .functor MUXZ 7, L_000001daaa7f5410, L_000001daaa830e50, L_000001daaa7f4650, C4<>;
L_000001daaa7f3d90 .functor MUXZ 7, L_000001daaa7f3cf0, L_000001daaa830dc0, L_000001daaa7f4010, C4<>;
L_000001daaa7f3e30 .functor MUXZ 7, L_000001daaa7f3d90, L_000001daaa830d30, L_000001daaa7f4830, C4<>;
L_000001daaa7f3ed0 .functor MUXZ 7, L_000001daaa7f3e30, L_000001daaa830ca0, L_000001daaa7f4790, C4<>;
    .scope S_000001daaa78f480;
T_0 ;
    %vpi_call 2 23 "$dumpfile", "decoder_tb.vcd" {0 0 0};
    %vpi_call 2 24 "$dumpvars", 32'sb00000000000000000000000000000000, S_000001daaa78f480 {0 0 0};
    %pushi/vec4 0, 0, 4;
    %store/vec4 v000001daaa7f02c0_0, 0, 4;
    %pushi/vec4 0, 0, 4;
    %store/vec4 v000001daaa7f0720_0, 0, 4;
    %pushi/vec4 0, 0, 4;
    %store/vec4 v000001daaa7f0360_0, 0, 4;
    %delay 5, 0;
    %pushi/vec4 1, 0, 4;
    %store/vec4 v000001daaa7f02c0_0, 0, 4;
    %pushi/vec4 1, 0, 4;
    %store/vec4 v000001daaa7f0720_0, 0, 4;
    %pushi/vec4 1, 0, 4;
    %store/vec4 v000001daaa7f0360_0, 0, 4;
    %delay 5, 0;
    %pushi/vec4 2, 0, 4;
    %store/vec4 v000001daaa7f02c0_0, 0, 4;
    %pushi/vec4 2, 0, 4;
    %store/vec4 v000001daaa7f0720_0, 0, 4;
    %pushi/vec4 2, 0, 4;
    %store/vec4 v000001daaa7f0360_0, 0, 4;
    %delay 5, 0;
    %pushi/vec4 3, 0, 4;
    %store/vec4 v000001daaa7f02c0_0, 0, 4;
    %pushi/vec4 3, 0, 4;
    %store/vec4 v000001daaa7f0720_0, 0, 4;
    %pushi/vec4 3, 0, 4;
    %store/vec4 v000001daaa7f0360_0, 0, 4;
    %delay 5, 0;
    %pushi/vec4 4, 0, 4;
    %store/vec4 v000001daaa7f02c0_0, 0, 4;
    %pushi/vec4 4, 0, 4;
    %store/vec4 v000001daaa7f0720_0, 0, 4;
    %pushi/vec4 4, 0, 4;
    %store/vec4 v000001daaa7f0360_0, 0, 4;
    %delay 5, 0;
    %pushi/vec4 5, 0, 4;
    %store/vec4 v000001daaa7f02c0_0, 0, 4;
    %pushi/vec4 5, 0, 4;
    %store/vec4 v000001daaa7f0720_0, 0, 4;
    %pushi/vec4 5, 0, 4;
    %store/vec4 v000001daaa7f0360_0, 0, 4;
    %delay 5, 0;
    %pushi/vec4 6, 0, 4;
    %store/vec4 v000001daaa7f02c0_0, 0, 4;
    %pushi/vec4 6, 0, 4;
    %store/vec4 v000001daaa7f0720_0, 0, 4;
    %pushi/vec4 6, 0, 4;
    %store/vec4 v000001daaa7f0360_0, 0, 4;
    %delay 5, 0;
    %pushi/vec4 7, 0, 4;
    %store/vec4 v000001daaa7f02c0_0, 0, 4;
    %pushi/vec4 7, 0, 4;
    %store/vec4 v000001daaa7f0720_0, 0, 4;
    %pushi/vec4 7, 0, 4;
    %store/vec4 v000001daaa7f0360_0, 0, 4;
    %delay 5, 0;
    %pushi/vec4 8, 0, 4;
    %store/vec4 v000001daaa7f02c0_0, 0, 4;
    %pushi/vec4 8, 0, 4;
    %store/vec4 v000001daaa7f0720_0, 0, 4;
    %pushi/vec4 8, 0, 4;
    %store/vec4 v000001daaa7f0360_0, 0, 4;
    %delay 5, 0;
    %pushi/vec4 9, 0, 4;
    %store/vec4 v000001daaa7f02c0_0, 0, 4;
    %pushi/vec4 9, 0, 4;
    %store/vec4 v000001daaa7f0720_0, 0, 4;
    %pushi/vec4 9, 0, 4;
    %store/vec4 v000001daaa7f0360_0, 0, 4;
    %end;
    .thread T_0;
# The file index is used to find the file name in the following table.
:file_names 4;
    "N/A";
    "<interactive>";
    "decoder_tb.v";
    "./decoder.v";
