#! /c/Source/iverilog-install/bin/vvp
:ivl_version "12.0 (devel)" "(s20150603-1539-g2693dd32b)";
:ivl_delay_selection "TYPICAL";
:vpi_time_precision + 0;
:vpi_module "C:\iverilog\lib\ivl\system.vpi";
:vpi_module "C:\iverilog\lib\ivl\vhdl_sys.vpi";
:vpi_module "C:\iverilog\lib\ivl\vhdl_textio.vpi";
:vpi_module "C:\iverilog\lib\ivl\v2005_math.vpi";
:vpi_module "C:\iverilog\lib\ivl\va_math.vpi";
S_000001f391594450 .scope module, "decoder" "decoder" 2 1;
 .timescale 0 0;
    .port_info 0 /OUTPUT 7 "OutMinutos";
    .port_info 1 /OUTPUT 7 "OutDezenaSeg";
    .port_info 2 /OUTPUT 7 "OutUnidadeSeg";
    .port_info 3 /INPUT 4 "Minutos";
    .port_info 4 /INPUT 4 "DezenaSeg";
    .port_info 5 /INPUT 4 "UnidadeSeg";
o000001f3915ab878 .functor BUFZ 4, C4<zzzz>; HiZ drive
v000001f3915a8e40_0 .net "DezenaSeg", 3 0, o000001f3915ab878;  0 drivers
o000001f3915ab8a8 .functor BUFZ 4, C4<zzzz>; HiZ drive
v000001f3915aa2e0_0 .net "Minutos", 3 0, o000001f3915ab8a8;  0 drivers
v000001f3915a9d40_0 .net "OutDezenaSeg", 6 0, L_000001f391609a00;  1 drivers
v000001f3915a88a0_0 .net "OutMinutos", 6 0, L_000001f391608ce0;  1 drivers
v000001f3915a98e0_0 .net "OutUnidadeSeg", 6 0, L_000001f391609320;  1 drivers
o000001f3915ab968 .functor BUFZ 4, C4<zzzz>; HiZ drive
v000001f3915a9700_0 .net "UnidadeSeg", 3 0, o000001f3915ab968;  0 drivers
L_000001f391650088 .functor BUFT 1, C4<0000>, C4<0>, C4<0>, C4<0>;
v000001f3915a8940_0 .net/2u *"_ivl_0", 3 0, L_000001f391650088;  1 drivers
L_000001f391650160 .functor BUFT 1, C4<00110000>, C4<0>, C4<0>, C4<0>;
v000001f3915a9200_0 .net/2u *"_ivl_10", 7 0, L_000001f391650160;  1 drivers
L_000001f3916507d8 .functor BUFT 1, C4<01101101>, C4<0>, C4<0>, C4<0>;
v000001f3915aa1a0_0 .net/2u *"_ivl_100", 7 0, L_000001f3916507d8;  1 drivers
L_000001f391650820 .functor BUFT 1, C4<0011>, C4<0>, C4<0>, C4<0>;
v000001f3915a8c60_0 .net/2u *"_ivl_102", 3 0, L_000001f391650820;  1 drivers
v000001f3915a8da0_0 .net *"_ivl_104", 0 0, L_000001f391609b40;  1 drivers
L_000001f391650868 .functor BUFT 1, C4<01111001>, C4<0>, C4<0>, C4<0>;
v000001f3915a89e0_0 .net/2u *"_ivl_106", 7 0, L_000001f391650868;  1 drivers
L_000001f3916508b0 .functor BUFT 1, C4<0100>, C4<0>, C4<0>, C4<0>;
v000001f3915a97a0_0 .net/2u *"_ivl_108", 3 0, L_000001f3916508b0;  1 drivers
v000001f3915a9e80_0 .net *"_ivl_110", 0 0, L_000001f391608920;  1 drivers
L_000001f3916508f8 .functor BUFT 1, C4<00110011>, C4<0>, C4<0>, C4<0>;
v000001f3915a9480_0 .net/2u *"_ivl_112", 7 0, L_000001f3916508f8;  1 drivers
L_000001f391650940 .functor BUFT 1, C4<0101>, C4<0>, C4<0>, C4<0>;
v000001f3915a8ee0_0 .net/2u *"_ivl_114", 3 0, L_000001f391650940;  1 drivers
v000001f3915aa560_0 .net *"_ivl_116", 0 0, L_000001f39160a180;  1 drivers
L_000001f391650988 .functor BUFT 1, C4<01011011>, C4<0>, C4<0>, C4<0>;
v000001f3915aa240_0 .net/2u *"_ivl_118", 7 0, L_000001f391650988;  1 drivers
L_000001f3916501a8 .functor BUFT 1, C4<0010>, C4<0>, C4<0>, C4<0>;
v000001f3915a9980_0 .net/2u *"_ivl_12", 3 0, L_000001f3916501a8;  1 drivers
L_000001f3916509d0 .functor BUFT 1, C4<0110>, C4<0>, C4<0>, C4<0>;
v000001f3915a9840_0 .net/2u *"_ivl_120", 3 0, L_000001f3916509d0;  1 drivers
v000001f3915aa600_0 .net *"_ivl_122", 0 0, L_000001f3916086a0;  1 drivers
L_000001f391650a18 .functor BUFT 1, C4<01011111>, C4<0>, C4<0>, C4<0>;
v000001f3915a9a20_0 .net/2u *"_ivl_124", 7 0, L_000001f391650a18;  1 drivers
L_000001f391650a60 .functor BUFT 1, C4<0111>, C4<0>, C4<0>, C4<0>;
v000001f3915aa740_0 .net/2u *"_ivl_126", 3 0, L_000001f391650a60;  1 drivers
v000001f3915a8f80_0 .net *"_ivl_128", 0 0, L_000001f391609fa0;  1 drivers
L_000001f391650aa8 .functor BUFT 1, C4<01110000>, C4<0>, C4<0>, C4<0>;
v000001f3915a9ac0_0 .net/2u *"_ivl_130", 7 0, L_000001f391650aa8;  1 drivers
L_000001f391650af0 .functor BUFT 1, C4<1000>, C4<0>, C4<0>, C4<0>;
v000001f3915a9b60_0 .net/2u *"_ivl_132", 3 0, L_000001f391650af0;  1 drivers
v000001f3915a9020_0 .net *"_ivl_134", 0 0, L_000001f391608420;  1 drivers
L_000001f391650b38 .functor BUFT 1, C4<01111111>, C4<0>, C4<0>, C4<0>;
v000001f3915a9f20_0 .net/2u *"_ivl_136", 7 0, L_000001f391650b38;  1 drivers
L_000001f391650b80 .functor BUFT 1, C4<1001>, C4<0>, C4<0>, C4<0>;
v000001f3915aa380_0 .net/2u *"_ivl_138", 3 0, L_000001f391650b80;  1 drivers
v000001f3915aa420_0 .net *"_ivl_14", 0 0, L_000001f391607280;  1 drivers
v000001f3915aa4c0_0 .net *"_ivl_140", 0 0, L_000001f391608d80;  1 drivers
L_000001f391650bc8 .functor BUFT 1, C4<01110011>, C4<0>, C4<0>, C4<0>;
v000001f3915a90c0_0 .net/2u *"_ivl_142", 7 0, L_000001f391650bc8;  1 drivers
L_000001f391650c10 .functor BUFT 1, C4<xxxxxxxx>, C4<0>, C4<0>, C4<0>;
v000001f3915aa060_0 .net *"_ivl_144", 7 0, L_000001f391650c10;  1 drivers
v000001f3915a92a0_0 .net *"_ivl_146", 7 0, L_000001f391609960;  1 drivers
v000001f3915aa100_0 .net *"_ivl_148", 7 0, L_000001f391608e20;  1 drivers
v000001f3915a9340_0 .net *"_ivl_150", 7 0, L_000001f391608b00;  1 drivers
v000001f3915a9c00_0 .net *"_ivl_152", 7 0, L_000001f391609be0;  1 drivers
v000001f3915a9520_0 .net *"_ivl_154", 7 0, L_000001f391608740;  1 drivers
v000001f3915a93e0_0 .net *"_ivl_156", 7 0, L_000001f3916084c0;  1 drivers
v000001f3915aa6a0_0 .net *"_ivl_158", 7 0, L_000001f39160a220;  1 drivers
L_000001f3916501f0 .functor BUFT 1, C4<01101101>, C4<0>, C4<0>, C4<0>;
v000001f3915a95c0_0 .net/2u *"_ivl_16", 7 0, L_000001f3916501f0;  1 drivers
v000001f3915a8a80_0 .net *"_ivl_160", 7 0, L_000001f39160a040;  1 drivers
v000001f3915a9660_0 .net *"_ivl_162", 7 0, L_000001f3916089c0;  1 drivers
v000001f3915a9ca0_0 .net *"_ivl_164", 7 0, L_000001f391609f00;  1 drivers
L_000001f391650c58 .functor BUFT 1, C4<0000>, C4<0>, C4<0>, C4<0>;
v000001f3915a9de0_0 .net/2u *"_ivl_168", 3 0, L_000001f391650c58;  1 drivers
v000001f3915a9fc0_0 .net *"_ivl_170", 0 0, L_000001f391608a60;  1 drivers
L_000001f391650ca0 .functor BUFT 1, C4<01111110>, C4<0>, C4<0>, C4<0>;
v000001f391603e70_0 .net/2u *"_ivl_172", 7 0, L_000001f391650ca0;  1 drivers
L_000001f391650ce8 .functor BUFT 1, C4<0001>, C4<0>, C4<0>, C4<0>;
v000001f391603f10_0 .net/2u *"_ivl_174", 3 0, L_000001f391650ce8;  1 drivers
v000001f391603b50_0 .net *"_ivl_176", 0 0, L_000001f391608ba0;  1 drivers
L_000001f391650d30 .functor BUFT 1, C4<00110000>, C4<0>, C4<0>, C4<0>;
v000001f391603dd0_0 .net/2u *"_ivl_178", 7 0, L_000001f391650d30;  1 drivers
L_000001f391650238 .functor BUFT 1, C4<0011>, C4<0>, C4<0>, C4<0>;
v000001f3916042d0_0 .net/2u *"_ivl_18", 3 0, L_000001f391650238;  1 drivers
L_000001f391650d78 .functor BUFT 1, C4<0010>, C4<0>, C4<0>, C4<0>;
v000001f3916049b0_0 .net/2u *"_ivl_180", 3 0, L_000001f391650d78;  1 drivers
v000001f391603bf0_0 .net *"_ivl_182", 0 0, L_000001f391609dc0;  1 drivers
L_000001f391650dc0 .functor BUFT 1, C4<01101101>, C4<0>, C4<0>, C4<0>;
v000001f3916045f0_0 .net/2u *"_ivl_184", 7 0, L_000001f391650dc0;  1 drivers
L_000001f391650e08 .functor BUFT 1, C4<0011>, C4<0>, C4<0>, C4<0>;
v000001f391603c90_0 .net/2u *"_ivl_186", 3 0, L_000001f391650e08;  1 drivers
v000001f391604910_0 .net *"_ivl_188", 0 0, L_000001f391609e60;  1 drivers
L_000001f391650e50 .functor BUFT 1, C4<01111001>, C4<0>, C4<0>, C4<0>;
v000001f391603fb0_0 .net/2u *"_ivl_190", 7 0, L_000001f391650e50;  1 drivers
L_000001f391650e98 .functor BUFT 1, C4<0100>, C4<0>, C4<0>, C4<0>;
v000001f3916040f0_0 .net/2u *"_ivl_192", 3 0, L_000001f391650e98;  1 drivers
v000001f391605130_0 .net *"_ivl_194", 0 0, L_000001f391608ec0;  1 drivers
L_000001f391650ee0 .functor BUFT 1, C4<00110011>, C4<0>, C4<0>, C4<0>;
v000001f391604a50_0 .net/2u *"_ivl_196", 7 0, L_000001f391650ee0;  1 drivers
L_000001f391650f28 .functor BUFT 1, C4<0101>, C4<0>, C4<0>, C4<0>;
v000001f391603d30_0 .net/2u *"_ivl_198", 3 0, L_000001f391650f28;  1 drivers
v000001f391604190_0 .net *"_ivl_2", 0 0, L_000001f391605ca0;  1 drivers
v000001f3916051d0_0 .net *"_ivl_20", 0 0, L_000001f391606920;  1 drivers
v000001f391603830_0 .net *"_ivl_200", 0 0, L_000001f391609c80;  1 drivers
L_000001f391650f70 .functor BUFT 1, C4<01011011>, C4<0>, C4<0>, C4<0>;
v000001f391604370_0 .net/2u *"_ivl_202", 7 0, L_000001f391650f70;  1 drivers
L_000001f391650fb8 .functor BUFT 1, C4<0110>, C4<0>, C4<0>, C4<0>;
v000001f391604230_0 .net/2u *"_ivl_204", 3 0, L_000001f391650fb8;  1 drivers
v000001f391604d70_0 .net *"_ivl_206", 0 0, L_000001f391608560;  1 drivers
L_000001f391651000 .functor BUFT 1, C4<01011111>, C4<0>, C4<0>, C4<0>;
v000001f391603470_0 .net/2u *"_ivl_208", 7 0, L_000001f391651000;  1 drivers
L_000001f391651048 .functor BUFT 1, C4<0111>, C4<0>, C4<0>, C4<0>;
v000001f391604410_0 .net/2u *"_ivl_210", 3 0, L_000001f391651048;  1 drivers
v000001f391604690_0 .net *"_ivl_212", 0 0, L_000001f3916093c0;  1 drivers
L_000001f391651090 .functor BUFT 1, C4<01110000>, C4<0>, C4<0>, C4<0>;
v000001f391604550_0 .net/2u *"_ivl_214", 7 0, L_000001f391651090;  1 drivers
L_000001f3916510d8 .functor BUFT 1, C4<1000>, C4<0>, C4<0>, C4<0>;
v000001f391605270_0 .net/2u *"_ivl_216", 3 0, L_000001f3916510d8;  1 drivers
v000001f391603510_0 .net *"_ivl_218", 0 0, L_000001f391608f60;  1 drivers
L_000001f391650280 .functor BUFT 1, C4<01111001>, C4<0>, C4<0>, C4<0>;
v000001f391604050_0 .net/2u *"_ivl_22", 7 0, L_000001f391650280;  1 drivers
L_000001f391651120 .functor BUFT 1, C4<01111111>, C4<0>, C4<0>, C4<0>;
v000001f3916044b0_0 .net/2u *"_ivl_220", 7 0, L_000001f391651120;  1 drivers
L_000001f391651168 .functor BUFT 1, C4<1001>, C4<0>, C4<0>, C4<0>;
v000001f391603650_0 .net/2u *"_ivl_222", 3 0, L_000001f391651168;  1 drivers
v000001f3916033d0_0 .net *"_ivl_224", 0 0, L_000001f391608600;  1 drivers
L_000001f3916511b0 .functor BUFT 1, C4<01110011>, C4<0>, C4<0>, C4<0>;
v000001f391604730_0 .net/2u *"_ivl_226", 7 0, L_000001f3916511b0;  1 drivers
L_000001f3916511f8 .functor BUFT 1, C4<xxxxxxxx>, C4<0>, C4<0>, C4<0>;
v000001f3916038d0_0 .net *"_ivl_228", 7 0, L_000001f3916511f8;  1 drivers
v000001f3916047d0_0 .net *"_ivl_230", 7 0, L_000001f391609140;  1 drivers
v000001f3916035b0_0 .net *"_ivl_232", 7 0, L_000001f3916087e0;  1 drivers
v000001f391604e10_0 .net *"_ivl_234", 7 0, L_000001f391609640;  1 drivers
v000001f391604870_0 .net *"_ivl_236", 7 0, L_000001f391609820;  1 drivers
v000001f391603970_0 .net *"_ivl_238", 7 0, L_000001f391608c40;  1 drivers
L_000001f3916502c8 .functor BUFT 1, C4<0100>, C4<0>, C4<0>, C4<0>;
v000001f391603ab0_0 .net/2u *"_ivl_24", 3 0, L_000001f3916502c8;  1 drivers
v000001f3916036f0_0 .net *"_ivl_240", 7 0, L_000001f391609000;  1 drivers
v000001f391604eb0_0 .net *"_ivl_242", 7 0, L_000001f3916091e0;  1 drivers
v000001f391603790_0 .net *"_ivl_244", 7 0, L_000001f391609d20;  1 drivers
v000001f391604af0_0 .net *"_ivl_246", 7 0, L_000001f3916090a0;  1 drivers
v000001f391603a10_0 .net *"_ivl_248", 7 0, L_000001f391609280;  1 drivers
v000001f391604b90_0 .net *"_ivl_26", 0 0, L_000001f3916069c0;  1 drivers
L_000001f391650310 .functor BUFT 1, C4<00110011>, C4<0>, C4<0>, C4<0>;
v000001f391604c30_0 .net/2u *"_ivl_28", 7 0, L_000001f391650310;  1 drivers
L_000001f391650358 .functor BUFT 1, C4<0101>, C4<0>, C4<0>, C4<0>;
v000001f391604cd0_0 .net/2u *"_ivl_30", 3 0, L_000001f391650358;  1 drivers
v000001f391604f50_0 .net *"_ivl_32", 0 0, L_000001f391607960;  1 drivers
L_000001f3916503a0 .functor BUFT 1, C4<01011011>, C4<0>, C4<0>, C4<0>;
v000001f391604ff0_0 .net/2u *"_ivl_34", 7 0, L_000001f3916503a0;  1 drivers
L_000001f3916503e8 .functor BUFT 1, C4<0110>, C4<0>, C4<0>, C4<0>;
v000001f391605090_0 .net/2u *"_ivl_36", 3 0, L_000001f3916503e8;  1 drivers
v000001f391605de0_0 .net *"_ivl_38", 0 0, L_000001f391606100;  1 drivers
L_000001f3916500d0 .functor BUFT 1, C4<01111110>, C4<0>, C4<0>, C4<0>;
v000001f391605f20_0 .net/2u *"_ivl_4", 7 0, L_000001f3916500d0;  1 drivers
L_000001f391650430 .functor BUFT 1, C4<01011111>, C4<0>, C4<0>, C4<0>;
v000001f3916061a0_0 .net/2u *"_ivl_40", 7 0, L_000001f391650430;  1 drivers
L_000001f391650478 .functor BUFT 1, C4<0111>, C4<0>, C4<0>, C4<0>;
v000001f391606240_0 .net/2u *"_ivl_42", 3 0, L_000001f391650478;  1 drivers
v000001f3916070a0_0 .net *"_ivl_44", 0 0, L_000001f391607000;  1 drivers
L_000001f3916504c0 .functor BUFT 1, C4<01110000>, C4<0>, C4<0>, C4<0>;
v000001f391607460_0 .net/2u *"_ivl_46", 7 0, L_000001f3916504c0;  1 drivers
L_000001f391650508 .functor BUFT 1, C4<1000>, C4<0>, C4<0>, C4<0>;
v000001f391606ba0_0 .net/2u *"_ivl_48", 3 0, L_000001f391650508;  1 drivers
v000001f391607500_0 .net *"_ivl_50", 0 0, L_000001f391607820;  1 drivers
L_000001f391650550 .functor BUFT 1, C4<01111111>, C4<0>, C4<0>, C4<0>;
v000001f391605e80_0 .net/2u *"_ivl_52", 7 0, L_000001f391650550;  1 drivers
L_000001f391650598 .functor BUFT 1, C4<1001>, C4<0>, C4<0>, C4<0>;
v000001f3916071e0_0 .net/2u *"_ivl_54", 3 0, L_000001f391650598;  1 drivers
v000001f391606060_0 .net *"_ivl_56", 0 0, L_000001f391606a60;  1 drivers
L_000001f3916505e0 .functor BUFT 1, C4<01110011>, C4<0>, C4<0>, C4<0>;
v000001f3916078c0_0 .net/2u *"_ivl_58", 7 0, L_000001f3916505e0;  1 drivers
L_000001f391650118 .functor BUFT 1, C4<0001>, C4<0>, C4<0>, C4<0>;
v000001f391607a00_0 .net/2u *"_ivl_6", 3 0, L_000001f391650118;  1 drivers
L_000001f391650628 .functor BUFT 1, C4<xxxxxxxx>, C4<0>, C4<0>, C4<0>;
v000001f3916076e0_0 .net *"_ivl_60", 7 0, L_000001f391650628;  1 drivers
v000001f391605c00_0 .net *"_ivl_62", 7 0, L_000001f391606b00;  1 drivers
v000001f391606420_0 .net *"_ivl_64", 7 0, L_000001f3916062e0;  1 drivers
v000001f3916064c0_0 .net *"_ivl_66", 7 0, L_000001f391607640;  1 drivers
v000001f391606880_0 .net *"_ivl_68", 7 0, L_000001f391606380;  1 drivers
v000001f391606ce0_0 .net *"_ivl_70", 7 0, L_000001f391606c40;  1 drivers
v000001f391606560_0 .net *"_ivl_72", 7 0, L_000001f391607320;  1 drivers
v000001f391606600_0 .net *"_ivl_74", 7 0, L_000001f3916073c0;  1 drivers
v000001f391606e20_0 .net *"_ivl_76", 7 0, L_000001f3916098c0;  1 drivers
v000001f3916075a0_0 .net *"_ivl_78", 7 0, L_000001f39160a2c0;  1 drivers
v000001f3916066a0_0 .net *"_ivl_8", 0 0, L_000001f391605d40;  1 drivers
v000001f391605fc0_0 .net *"_ivl_80", 7 0, L_000001f391609aa0;  1 drivers
L_000001f391650670 .functor BUFT 1, C4<0000>, C4<0>, C4<0>, C4<0>;
v000001f391606f60_0 .net/2u *"_ivl_84", 3 0, L_000001f391650670;  1 drivers
v000001f391606740_0 .net *"_ivl_86", 0 0, L_000001f3916095a0;  1 drivers
L_000001f3916506b8 .functor BUFT 1, C4<01111110>, C4<0>, C4<0>, C4<0>;
v000001f391607780_0 .net/2u *"_ivl_88", 7 0, L_000001f3916506b8;  1 drivers
L_000001f391650700 .functor BUFT 1, C4<0001>, C4<0>, C4<0>, C4<0>;
v000001f391607aa0_0 .net/2u *"_ivl_90", 3 0, L_000001f391650700;  1 drivers
v000001f391606d80_0 .net *"_ivl_92", 0 0, L_000001f39160a0e0;  1 drivers
L_000001f391650748 .functor BUFT 1, C4<00110000>, C4<0>, C4<0>, C4<0>;
v000001f391607140_0 .net/2u *"_ivl_94", 7 0, L_000001f391650748;  1 drivers
L_000001f391650790 .functor BUFT 1, C4<0010>, C4<0>, C4<0>, C4<0>;
v000001f391606ec0_0 .net/2u *"_ivl_96", 3 0, L_000001f391650790;  1 drivers
v000001f3916067e0_0 .net *"_ivl_98", 0 0, L_000001f391608880;  1 drivers
L_000001f391605ca0 .cmp/eq 4, o000001f3915ab8a8, L_000001f391650088;
L_000001f391605d40 .cmp/eq 4, o000001f3915ab8a8, L_000001f391650118;
L_000001f391607280 .cmp/eq 4, o000001f3915ab8a8, L_000001f3916501a8;
L_000001f391606920 .cmp/eq 4, o000001f3915ab8a8, L_000001f391650238;
L_000001f3916069c0 .cmp/eq 4, o000001f3915ab8a8, L_000001f3916502c8;
L_000001f391607960 .cmp/eq 4, o000001f3915ab8a8, L_000001f391650358;
L_000001f391606100 .cmp/eq 4, o000001f3915ab8a8, L_000001f3916503e8;
L_000001f391607000 .cmp/eq 4, o000001f3915ab8a8, L_000001f391650478;
L_000001f391607820 .cmp/eq 4, o000001f3915ab8a8, L_000001f391650508;
L_000001f391606a60 .cmp/eq 4, o000001f3915ab8a8, L_000001f391650598;
L_000001f391606b00 .functor MUXZ 8, L_000001f391650628, L_000001f3916505e0, L_000001f391606a60, C4<>;
L_000001f3916062e0 .functor MUXZ 8, L_000001f391606b00, L_000001f391650550, L_000001f391607820, C4<>;
L_000001f391607640 .functor MUXZ 8, L_000001f3916062e0, L_000001f3916504c0, L_000001f391607000, C4<>;
L_000001f391606380 .functor MUXZ 8, L_000001f391607640, L_000001f391650430, L_000001f391606100, C4<>;
L_000001f391606c40 .functor MUXZ 8, L_000001f391606380, L_000001f3916503a0, L_000001f391607960, C4<>;
L_000001f391607320 .functor MUXZ 8, L_000001f391606c40, L_000001f391650310, L_000001f3916069c0, C4<>;
L_000001f3916073c0 .functor MUXZ 8, L_000001f391607320, L_000001f391650280, L_000001f391606920, C4<>;
L_000001f3916098c0 .functor MUXZ 8, L_000001f3916073c0, L_000001f3916501f0, L_000001f391607280, C4<>;
L_000001f39160a2c0 .functor MUXZ 8, L_000001f3916098c0, L_000001f391650160, L_000001f391605d40, C4<>;
L_000001f391609aa0 .functor MUXZ 8, L_000001f39160a2c0, L_000001f3916500d0, L_000001f391605ca0, C4<>;
L_000001f391608ce0 .part L_000001f391609aa0, 0, 7;
L_000001f3916095a0 .cmp/eq 4, o000001f3915ab878, L_000001f391650670;
L_000001f39160a0e0 .cmp/eq 4, o000001f3915ab878, L_000001f391650700;
L_000001f391608880 .cmp/eq 4, o000001f3915ab878, L_000001f391650790;
L_000001f391609b40 .cmp/eq 4, o000001f3915ab878, L_000001f391650820;
L_000001f391608920 .cmp/eq 4, o000001f3915ab878, L_000001f3916508b0;
L_000001f39160a180 .cmp/eq 4, o000001f3915ab878, L_000001f391650940;
L_000001f3916086a0 .cmp/eq 4, o000001f3915ab878, L_000001f3916509d0;
L_000001f391609fa0 .cmp/eq 4, o000001f3915ab878, L_000001f391650a60;
L_000001f391608420 .cmp/eq 4, o000001f3915ab878, L_000001f391650af0;
L_000001f391608d80 .cmp/eq 4, o000001f3915ab878, L_000001f391650b80;
L_000001f391609960 .functor MUXZ 8, L_000001f391650c10, L_000001f391650bc8, L_000001f391608d80, C4<>;
L_000001f391608e20 .functor MUXZ 8, L_000001f391609960, L_000001f391650b38, L_000001f391608420, C4<>;
L_000001f391608b00 .functor MUXZ 8, L_000001f391608e20, L_000001f391650aa8, L_000001f391609fa0, C4<>;
L_000001f391609be0 .functor MUXZ 8, L_000001f391608b00, L_000001f391650a18, L_000001f3916086a0, C4<>;
L_000001f391608740 .functor MUXZ 8, L_000001f391609be0, L_000001f391650988, L_000001f39160a180, C4<>;
L_000001f3916084c0 .functor MUXZ 8, L_000001f391608740, L_000001f3916508f8, L_000001f391608920, C4<>;
L_000001f39160a220 .functor MUXZ 8, L_000001f3916084c0, L_000001f391650868, L_000001f391609b40, C4<>;
L_000001f39160a040 .functor MUXZ 8, L_000001f39160a220, L_000001f3916507d8, L_000001f391608880, C4<>;
L_000001f3916089c0 .functor MUXZ 8, L_000001f39160a040, L_000001f391650748, L_000001f39160a0e0, C4<>;
L_000001f391609f00 .functor MUXZ 8, L_000001f3916089c0, L_000001f3916506b8, L_000001f3916095a0, C4<>;
L_000001f391609a00 .part L_000001f391609f00, 0, 7;
L_000001f391608a60 .cmp/eq 4, o000001f3915ab968, L_000001f391650c58;
L_000001f391608ba0 .cmp/eq 4, o000001f3915ab968, L_000001f391650ce8;
L_000001f391609dc0 .cmp/eq 4, o000001f3915ab968, L_000001f391650d78;
L_000001f391609e60 .cmp/eq 4, o000001f3915ab968, L_000001f391650e08;
L_000001f391608ec0 .cmp/eq 4, o000001f3915ab968, L_000001f391650e98;
L_000001f391609c80 .cmp/eq 4, o000001f3915ab968, L_000001f391650f28;
L_000001f391608560 .cmp/eq 4, o000001f3915ab968, L_000001f391650fb8;
L_000001f3916093c0 .cmp/eq 4, o000001f3915ab968, L_000001f391651048;
L_000001f391608f60 .cmp/eq 4, o000001f3915ab968, L_000001f3916510d8;
L_000001f391608600 .cmp/eq 4, o000001f3915ab968, L_000001f391651168;
L_000001f391609140 .functor MUXZ 8, L_000001f3916511f8, L_000001f3916511b0, L_000001f391608600, C4<>;
L_000001f3916087e0 .functor MUXZ 8, L_000001f391609140, L_000001f391651120, L_000001f391608f60, C4<>;
L_000001f391609640 .functor MUXZ 8, L_000001f3916087e0, L_000001f391651090, L_000001f3916093c0, C4<>;
L_000001f391609820 .functor MUXZ 8, L_000001f391609640, L_000001f391651000, L_000001f391608560, C4<>;
L_000001f391608c40 .functor MUXZ 8, L_000001f391609820, L_000001f391650f70, L_000001f391609c80, C4<>;
L_000001f391609000 .functor MUXZ 8, L_000001f391608c40, L_000001f391650ee0, L_000001f391608ec0, C4<>;
L_000001f3916091e0 .functor MUXZ 8, L_000001f391609000, L_000001f391650e50, L_000001f391609e60, C4<>;
L_000001f391609d20 .functor MUXZ 8, L_000001f3916091e0, L_000001f391650dc0, L_000001f391609dc0, C4<>;
L_000001f3916090a0 .functor MUXZ 8, L_000001f391609d20, L_000001f391650d30, L_000001f391608ba0, C4<>;
L_000001f391609280 .functor MUXZ 8, L_000001f3916090a0, L_000001f391650ca0, L_000001f391608a60, C4<>;
L_000001f391609320 .part L_000001f391609280, 0, 7;
# The file index is used to find the file name in the following table.
:file_names 3;
    "N/A";
    "<interactive>";
    "decoder.v";
