#! /c/Source/iverilog-install/bin/vvp
:ivl_version "12.0 (devel)" "(s20150603-1539-g2693dd32b)";
:ivl_delay_selection "TYPICAL";
:vpi_time_precision - 9;
:vpi_module "C:\iverilog\lib\ivl\system.vpi";
:vpi_module "C:\iverilog\lib\ivl\vhdl_sys.vpi";
:vpi_module "C:\iverilog\lib\ivl\vhdl_textio.vpi";
:vpi_module "C:\iverilog\lib\ivl\v2005_math.vpi";
:vpi_module "C:\iverilog\lib\ivl\va_math.vpi";
S_0000029017a1f480 .scope module, "decoder_tb" "decoder_tb" 2 3;
 .timescale -9 -9;
v0000029017a813f0_0 .var "DezenaSeg", 3 0;
v0000029017a80450_0 .var "Minutos", 3 0;
v0000029017a804f0_0 .net "OutDezenaSeg", 6 0, L_0000029017a84780;  1 drivers
v0000029017a80810_0 .net "OutMinutos", 6 0, L_0000029017a852c0;  1 drivers
v0000029017a80bd0_0 .net "OutUnidadeSeg", 6 0, L_0000029017a875c0;  1 drivers
v0000029017a808b0_0 .var "UnidadeSeg", 3 0;
S_00000290179be990 .scope module, "dut" "decoder" 2 14, 3 1 0, S_0000029017a1f480;
 .timescale 0 0;
    .port_info 0 /OUTPUT 7 "OutMinutos";
    .port_info 1 /OUTPUT 7 "OutDezenaSeg";
    .port_info 2 /OUTPUT 7 "OutUnidadeSeg";
    .port_info 3 /INPUT 4 "Minutos";
    .port_info 4 /INPUT 4 "DezenaSeg";
    .port_info 5 /INPUT 4 "UnidadeSeg";
v0000029017a1e5a0_0 .net "DezenaSeg", 3 0, v0000029017a813f0_0;  1 drivers
v0000029017a1e640_0 .net "Minutos", 3 0, v0000029017a80450_0;  1 drivers
v0000029017a1d560_0 .net "OutDezenaSeg", 6 0, L_0000029017a84780;  alias, 1 drivers
v0000029017a1d920_0 .net "OutMinutos", 6 0, L_0000029017a852c0;  alias, 1 drivers
v0000029017a1ebe0_0 .net "OutUnidadeSeg", 6 0, L_0000029017a875c0;  alias, 1 drivers
v0000029017a1f040_0 .net "UnidadeSeg", 3 0, v0000029017a808b0_0;  1 drivers
L_0000029017ac0088 .functor BUFT 1, C4<0000>, C4<0>, C4<0>, C4<0>;
v0000029017a1dd80_0 .net/2u *"_ivl_0", 3 0, L_0000029017ac0088;  1 drivers
L_0000029017ac0160 .functor BUFT 1, C4<00110000>, C4<0>, C4<0>, C4<0>;
v0000029017a1e6e0_0 .net/2u *"_ivl_10", 7 0, L_0000029017ac0160;  1 drivers
L_0000029017ac07d8 .functor BUFT 1, C4<01101101>, C4<0>, C4<0>, C4<0>;
v0000029017a1f360_0 .net/2u *"_ivl_100", 7 0, L_0000029017ac07d8;  1 drivers
L_0000029017ac0820 .functor BUFT 1, C4<0011>, C4<0>, C4<0>, C4<0>;
v0000029017a1dc40_0 .net/2u *"_ivl_102", 3 0, L_0000029017ac0820;  1 drivers
v0000029017a1d4c0_0 .net *"_ivl_104", 0 0, L_0000029017a845a0;  1 drivers
L_0000029017ac0868 .functor BUFT 1, C4<01111001>, C4<0>, C4<0>, C4<0>;
v0000029017a1f0e0_0 .net/2u *"_ivl_106", 7 0, L_0000029017ac0868;  1 drivers
L_0000029017ac08b0 .functor BUFT 1, C4<0100>, C4<0>, C4<0>, C4<0>;
v0000029017a1e780_0 .net/2u *"_ivl_108", 3 0, L_0000029017ac08b0;  1 drivers
v0000029017a1e0a0_0 .net *"_ivl_110", 0 0, L_0000029017a84dc0;  1 drivers
L_0000029017ac08f8 .functor BUFT 1, C4<00110011>, C4<0>, C4<0>, C4<0>;
v0000029017a1e000_0 .net/2u *"_ivl_112", 7 0, L_0000029017ac08f8;  1 drivers
L_0000029017ac0940 .functor BUFT 1, C4<0101>, C4<0>, C4<0>, C4<0>;
v0000029017a1dba0_0 .net/2u *"_ivl_114", 3 0, L_0000029017ac0940;  1 drivers
v0000029017a1eaa0_0 .net *"_ivl_116", 0 0, L_0000029017a85860;  1 drivers
L_0000029017ac0988 .functor BUFT 1, C4<01011011>, C4<0>, C4<0>, C4<0>;
v0000029017a1d600_0 .net/2u *"_ivl_118", 7 0, L_0000029017ac0988;  1 drivers
L_0000029017ac01a8 .functor BUFT 1, C4<0010>, C4<0>, C4<0>, C4<0>;
v0000029017a1e140_0 .net/2u *"_ivl_12", 3 0, L_0000029017ac01a8;  1 drivers
L_0000029017ac09d0 .functor BUFT 1, C4<0110>, C4<0>, C4<0>, C4<0>;
v0000029017a1e1e0_0 .net/2u *"_ivl_120", 3 0, L_0000029017ac09d0;  1 drivers
v0000029017a1d740_0 .net *"_ivl_122", 0 0, L_0000029017a85b80;  1 drivers
L_0000029017ac0a18 .functor BUFT 1, C4<01011111>, C4<0>, C4<0>, C4<0>;
v0000029017a1d7e0_0 .net/2u *"_ivl_124", 7 0, L_0000029017ac0a18;  1 drivers
L_0000029017ac0a60 .functor BUFT 1, C4<0111>, C4<0>, C4<0>, C4<0>;
v0000029017a1d880_0 .net/2u *"_ivl_126", 3 0, L_0000029017ac0a60;  1 drivers
v0000029017a1ed20_0 .net *"_ivl_128", 0 0, L_0000029017a85cc0;  1 drivers
L_0000029017ac0aa8 .functor BUFT 1, C4<01110000>, C4<0>, C4<0>, C4<0>;
v0000029017a1e280_0 .net/2u *"_ivl_130", 7 0, L_0000029017ac0aa8;  1 drivers
L_0000029017ac0af0 .functor BUFT 1, C4<1000>, C4<0>, C4<0>, C4<0>;
v0000029017a1ef00_0 .net/2u *"_ivl_132", 3 0, L_0000029017ac0af0;  1 drivers
v0000029017a1db00_0 .net *"_ivl_134", 0 0, L_0000029017a855e0;  1 drivers
L_0000029017ac0b38 .functor BUFT 1, C4<01111111>, C4<0>, C4<0>, C4<0>;
v0000029017a1e820_0 .net/2u *"_ivl_136", 7 0, L_0000029017ac0b38;  1 drivers
L_0000029017ac0b80 .functor BUFT 1, C4<1001>, C4<0>, C4<0>, C4<0>;
v0000029017a1f180_0 .net/2u *"_ivl_138", 3 0, L_0000029017ac0b80;  1 drivers
v0000029017a1e320_0 .net *"_ivl_14", 0 0, L_0000029017a80c70;  1 drivers
v0000029017a1e3c0_0 .net *"_ivl_140", 0 0, L_0000029017a85680;  1 drivers
L_0000029017ac0bc8 .functor BUFT 1, C4<01110011>, C4<0>, C4<0>, C4<0>;
v0000029017a1eb40_0 .net/2u *"_ivl_142", 7 0, L_0000029017ac0bc8;  1 drivers
L_0000029017ac0c10 .functor BUFT 1, C4<xxxxxxxx>, C4<0>, C4<0>, C4<0>;
v0000029017a1e8c0_0 .net *"_ivl_144", 7 0, L_0000029017ac0c10;  1 drivers
v0000029017a1de20_0 .net *"_ivl_146", 7 0, L_0000029017a85c20;  1 drivers
v0000029017a1f220_0 .net *"_ivl_148", 7 0, L_0000029017a85fe0;  1 drivers
v0000029017a1e460_0 .net *"_ivl_150", 7 0, L_0000029017a848c0;  1 drivers
v0000029017a1efa0_0 .net *"_ivl_152", 7 0, L_0000029017a85f40;  1 drivers
v0000029017a1e500_0 .net *"_ivl_154", 7 0, L_0000029017a85540;  1 drivers
v0000029017a1f2c0_0 .net *"_ivl_156", 7 0, L_0000029017a846e0;  1 drivers
v0000029017a1e960_0 .net *"_ivl_158", 7 0, L_0000029017a85720;  1 drivers
L_0000029017ac01f0 .functor BUFT 1, C4<01101101>, C4<0>, C4<0>, C4<0>;
v0000029017a1dce0_0 .net/2u *"_ivl_16", 7 0, L_0000029017ac01f0;  1 drivers
v0000029017a1dec0_0 .net *"_ivl_160", 7 0, L_0000029017a857c0;  1 drivers
v0000029017a1df60_0 .net *"_ivl_162", 7 0, L_0000029017a86080;  1 drivers
v0000029017a1ec80_0 .net *"_ivl_164", 7 0, L_0000029017a85900;  1 drivers
L_0000029017ac0c58 .functor BUFT 1, C4<0000>, C4<0>, C4<0>, C4<0>;
v0000029017a1edc0_0 .net/2u *"_ivl_168", 3 0, L_0000029017ac0c58;  1 drivers
v0000029017a1ee60_0 .net *"_ivl_170", 0 0, L_0000029017a85e00;  1 drivers
L_0000029017ac0ca0 .functor BUFT 1, C4<01111110>, C4<0>, C4<0>, C4<0>;
v0000029017a7e120_0 .net/2u *"_ivl_172", 7 0, L_0000029017ac0ca0;  1 drivers
L_0000029017ac0ce8 .functor BUFT 1, C4<0001>, C4<0>, C4<0>, C4<0>;
v0000029017a7d4a0_0 .net/2u *"_ivl_174", 3 0, L_0000029017ac0ce8;  1 drivers
v0000029017a7d9a0_0 .net *"_ivl_176", 0 0, L_0000029017a84a00;  1 drivers
L_0000029017ac0d30 .functor BUFT 1, C4<00110000>, C4<0>, C4<0>, C4<0>;
v0000029017a7e1c0_0 .net/2u *"_ivl_178", 7 0, L_0000029017ac0d30;  1 drivers
L_0000029017ac0238 .functor BUFT 1, C4<0011>, C4<0>, C4<0>, C4<0>;
v0000029017a7e3a0_0 .net/2u *"_ivl_18", 3 0, L_0000029017ac0238;  1 drivers
L_0000029017ac0d78 .functor BUFT 1, C4<0010>, C4<0>, C4<0>, C4<0>;
v0000029017a7d540_0 .net/2u *"_ivl_180", 3 0, L_0000029017ac0d78;  1 drivers
v0000029017a7ee40_0 .net *"_ivl_182", 0 0, L_0000029017a84aa0;  1 drivers
L_0000029017ac0dc0 .functor BUFT 1, C4<01101101>, C4<0>, C4<0>, C4<0>;
v0000029017a7dae0_0 .net/2u *"_ivl_184", 7 0, L_0000029017ac0dc0;  1 drivers
L_0000029017ac0e08 .functor BUFT 1, C4<0011>, C4<0>, C4<0>, C4<0>;
v0000029017a7dd60_0 .net/2u *"_ivl_186", 3 0, L_0000029017ac0e08;  1 drivers
v0000029017a7e6c0_0 .net *"_ivl_188", 0 0, L_0000029017a84fa0;  1 drivers
L_0000029017ac0e50 .functor BUFT 1, C4<01111001>, C4<0>, C4<0>, C4<0>;
v0000029017a7d860_0 .net/2u *"_ivl_190", 7 0, L_0000029017ac0e50;  1 drivers
L_0000029017ac0e98 .functor BUFT 1, C4<0100>, C4<0>, C4<0>, C4<0>;
v0000029017a7de00_0 .net/2u *"_ivl_192", 3 0, L_0000029017ac0e98;  1 drivers
v0000029017a7eb20_0 .net *"_ivl_194", 0 0, L_0000029017a86120;  1 drivers
L_0000029017ac0ee0 .functor BUFT 1, C4<00110011>, C4<0>, C4<0>, C4<0>;
v0000029017a7d5e0_0 .net/2u *"_ivl_196", 7 0, L_0000029017ac0ee0;  1 drivers
L_0000029017ac0f28 .functor BUFT 1, C4<0101>, C4<0>, C4<0>, C4<0>;
v0000029017a7e080_0 .net/2u *"_ivl_198", 3 0, L_0000029017ac0f28;  1 drivers
v0000029017a7d680_0 .net *"_ivl_2", 0 0, L_0000029017a818f0;  1 drivers
v0000029017a7dea0_0 .net *"_ivl_20", 0 0, L_0000029017a81530;  1 drivers
v0000029017a7e580_0 .net *"_ivl_200", 0 0, L_0000029017a85040;  1 drivers
L_0000029017ac0f70 .functor BUFT 1, C4<01011011>, C4<0>, C4<0>, C4<0>;
v0000029017a7ebc0_0 .net/2u *"_ivl_202", 7 0, L_0000029017ac0f70;  1 drivers
L_0000029017ac0fb8 .functor BUFT 1, C4<0110>, C4<0>, C4<0>, C4<0>;
v0000029017a7e8a0_0 .net/2u *"_ivl_204", 3 0, L_0000029017ac0fb8;  1 drivers
v0000029017a7ef80_0 .net *"_ivl_206", 0 0, L_0000029017a863a0;  1 drivers
L_0000029017ac1000 .functor BUFT 1, C4<01011111>, C4<0>, C4<0>, C4<0>;
v0000029017a7eee0_0 .net/2u *"_ivl_208", 7 0, L_0000029017ac1000;  1 drivers
L_0000029017ac1048 .functor BUFT 1, C4<0111>, C4<0>, C4<0>, C4<0>;
v0000029017a7e620_0 .net/2u *"_ivl_210", 3 0, L_0000029017ac1048;  1 drivers
v0000029017a7e300_0 .net *"_ivl_212", 0 0, L_0000029017a859a0;  1 drivers
L_0000029017ac1090 .functor BUFT 1, C4<01110000>, C4<0>, C4<0>, C4<0>;
v0000029017a7ec60_0 .net/2u *"_ivl_214", 7 0, L_0000029017ac1090;  1 drivers
L_0000029017ac10d8 .functor BUFT 1, C4<1000>, C4<0>, C4<0>, C4<0>;
v0000029017a7f2a0_0 .net/2u *"_ivl_216", 3 0, L_0000029017ac10d8;  1 drivers
v0000029017a7f020_0 .net *"_ivl_218", 0 0, L_0000029017a84d20;  1 drivers
L_0000029017ac0280 .functor BUFT 1, C4<01111001>, C4<0>, C4<0>, C4<0>;
v0000029017a7f0c0_0 .net/2u *"_ivl_22", 7 0, L_0000029017ac0280;  1 drivers
L_0000029017ac1120 .functor BUFT 1, C4<01111111>, C4<0>, C4<0>, C4<0>;
v0000029017a7f200_0 .net/2u *"_ivl_220", 7 0, L_0000029017ac1120;  1 drivers
L_0000029017ac1168 .functor BUFT 1, C4<1001>, C4<0>, C4<0>, C4<0>;
v0000029017a7e800_0 .net/2u *"_ivl_222", 3 0, L_0000029017ac1168;  1 drivers
v0000029017a7da40_0 .net *"_ivl_224", 0 0, L_0000029017a85ea0;  1 drivers
L_0000029017ac11b0 .functor BUFT 1, C4<01110011>, C4<0>, C4<0>, C4<0>;
v0000029017a7d7c0_0 .net/2u *"_ivl_226", 7 0, L_0000029017ac11b0;  1 drivers
L_0000029017ac11f8 .functor BUFT 1, C4<xxxxxxxx>, C4<0>, C4<0>, C4<0>;
v0000029017a7e940_0 .net *"_ivl_228", 7 0, L_0000029017ac11f8;  1 drivers
v0000029017a7db80_0 .net *"_ivl_230", 7 0, L_0000029017a84b40;  1 drivers
v0000029017a7ed00_0 .net *"_ivl_232", 7 0, L_0000029017a861c0;  1 drivers
v0000029017a7e760_0 .net *"_ivl_234", 7 0, L_0000029017a86260;  1 drivers
v0000029017a7d720_0 .net *"_ivl_236", 7 0, L_0000029017a84be0;  1 drivers
v0000029017a7e9e0_0 .net *"_ivl_238", 7 0, L_0000029017a85180;  1 drivers
L_0000029017ac02c8 .functor BUFT 1, C4<0100>, C4<0>, C4<0>, C4<0>;
v0000029017a7dc20_0 .net/2u *"_ivl_24", 3 0, L_0000029017ac02c8;  1 drivers
v0000029017a7e4e0_0 .net *"_ivl_240", 7 0, L_0000029017a84c80;  1 drivers
v0000029017a7eda0_0 .net *"_ivl_242", 7 0, L_0000029017a84e60;  1 drivers
v0000029017a7f160_0 .net *"_ivl_244", 7 0, L_0000029017a84f00;  1 drivers
v0000029017a7ea80_0 .net *"_ivl_246", 7 0, L_0000029017a850e0;  1 drivers
v0000029017a7f340_0 .net *"_ivl_248", 7 0, L_0000029017a87ac0;  1 drivers
v0000029017a7d900_0 .net *"_ivl_26", 0 0, L_0000029017a80d10;  1 drivers
L_0000029017ac0310 .functor BUFT 1, C4<00110011>, C4<0>, C4<0>, C4<0>;
v0000029017a7e440_0 .net/2u *"_ivl_28", 7 0, L_0000029017ac0310;  1 drivers
L_0000029017ac0358 .functor BUFT 1, C4<0101>, C4<0>, C4<0>, C4<0>;
v0000029017a7df40_0 .net/2u *"_ivl_30", 3 0, L_0000029017ac0358;  1 drivers
v0000029017a7dcc0_0 .net *"_ivl_32", 0 0, L_0000029017a80db0;  1 drivers
L_0000029017ac03a0 .functor BUFT 1, C4<01011011>, C4<0>, C4<0>, C4<0>;
v0000029017a7dfe0_0 .net/2u *"_ivl_34", 7 0, L_0000029017ac03a0;  1 drivers
L_0000029017ac03e8 .functor BUFT 1, C4<0110>, C4<0>, C4<0>, C4<0>;
v0000029017a7e260_0 .net/2u *"_ivl_36", 3 0, L_0000029017ac03e8;  1 drivers
v0000029017a7fcd0_0 .net *"_ivl_38", 0 0, L_0000029017a81210;  1 drivers
L_0000029017ac00d0 .functor BUFT 1, C4<01111110>, C4<0>, C4<0>, C4<0>;
v0000029017a80090_0 .net/2u *"_ivl_4", 7 0, L_0000029017ac00d0;  1 drivers
L_0000029017ac0430 .functor BUFT 1, C4<01011111>, C4<0>, C4<0>, C4<0>;
v0000029017a80e50_0 .net/2u *"_ivl_40", 7 0, L_0000029017ac0430;  1 drivers
L_0000029017ac0478 .functor BUFT 1, C4<0111>, C4<0>, C4<0>, C4<0>;
v0000029017a80ef0_0 .net/2u *"_ivl_42", 3 0, L_0000029017ac0478;  1 drivers
v0000029017a80270_0 .net *"_ivl_44", 0 0, L_0000029017a812b0;  1 drivers
L_0000029017ac04c0 .functor BUFT 1, C4<01110000>, C4<0>, C4<0>, C4<0>;
v0000029017a80950_0 .net/2u *"_ivl_46", 7 0, L_0000029017ac04c0;  1 drivers
L_0000029017ac0508 .functor BUFT 1, C4<1000>, C4<0>, C4<0>, C4<0>;
v0000029017a801d0_0 .net/2u *"_ivl_48", 3 0, L_0000029017ac0508;  1 drivers
v0000029017a81490_0 .net *"_ivl_50", 0 0, L_0000029017a81350;  1 drivers
L_0000029017ac0550 .functor BUFT 1, C4<01111111>, C4<0>, C4<0>, C4<0>;
v0000029017a80630_0 .net/2u *"_ivl_52", 7 0, L_0000029017ac0550;  1 drivers
L_0000029017ac0598 .functor BUFT 1, C4<1001>, C4<0>, C4<0>, C4<0>;
v0000029017a7fe10_0 .net/2u *"_ivl_54", 3 0, L_0000029017ac0598;  1 drivers
v0000029017a81a30_0 .net *"_ivl_56", 0 0, L_0000029017a81850;  1 drivers
L_0000029017ac05e0 .functor BUFT 1, C4<01110011>, C4<0>, C4<0>, C4<0>;
v0000029017a80f90_0 .net/2u *"_ivl_58", 7 0, L_0000029017ac05e0;  1 drivers
L_0000029017ac0118 .functor BUFT 1, C4<0001>, C4<0>, C4<0>, C4<0>;
v0000029017a7fd70_0 .net/2u *"_ivl_6", 3 0, L_0000029017ac0118;  1 drivers
L_0000029017ac0628 .functor BUFT 1, C4<xxxxxxxx>, C4<0>, C4<0>, C4<0>;
v0000029017a80590_0 .net *"_ivl_60", 7 0, L_0000029017ac0628;  1 drivers
v0000029017a817b0_0 .net *"_ivl_62", 7 0, L_0000029017a81990;  1 drivers
v0000029017a81170_0 .net *"_ivl_64", 7 0, L_0000029017a85ae0;  1 drivers
v0000029017a81030_0 .net *"_ivl_66", 7 0, L_0000029017a84820;  1 drivers
v0000029017a80a90_0 .net *"_ivl_68", 7 0, L_0000029017a86300;  1 drivers
v0000029017a80310_0 .net *"_ivl_70", 7 0, L_0000029017a84960;  1 drivers
v0000029017a815d0_0 .net *"_ivl_72", 7 0, L_0000029017a84640;  1 drivers
v0000029017a81670_0 .net *"_ivl_74", 7 0, L_0000029017a85d60;  1 drivers
v0000029017a81ad0_0 .net *"_ivl_76", 7 0, L_0000029017a85360;  1 drivers
v0000029017a809f0_0 .net *"_ivl_78", 7 0, L_0000029017a84500;  1 drivers
v0000029017a7ff50_0 .net *"_ivl_8", 0 0, L_0000029017a7fff0;  1 drivers
v0000029017a80130_0 .net *"_ivl_80", 7 0, L_0000029017a85220;  1 drivers
L_0000029017ac0670 .functor BUFT 1, C4<0000>, C4<0>, C4<0>, C4<0>;
v0000029017a806d0_0 .net/2u *"_ivl_84", 3 0, L_0000029017ac0670;  1 drivers
v0000029017a7feb0_0 .net *"_ivl_86", 0 0, L_0000029017a85a40;  1 drivers
L_0000029017ac06b8 .functor BUFT 1, C4<01111110>, C4<0>, C4<0>, C4<0>;
v0000029017a81b70_0 .net/2u *"_ivl_88", 7 0, L_0000029017ac06b8;  1 drivers
L_0000029017ac0700 .functor BUFT 1, C4<0001>, C4<0>, C4<0>, C4<0>;
v0000029017a810d0_0 .net/2u *"_ivl_90", 3 0, L_0000029017ac0700;  1 drivers
v0000029017a803b0_0 .net *"_ivl_92", 0 0, L_0000029017a85400;  1 drivers
L_0000029017ac0748 .functor BUFT 1, C4<00110000>, C4<0>, C4<0>, C4<0>;
v0000029017a80770_0 .net/2u *"_ivl_94", 7 0, L_0000029017ac0748;  1 drivers
L_0000029017ac0790 .functor BUFT 1, C4<0010>, C4<0>, C4<0>, C4<0>;
v0000029017a80b30_0 .net/2u *"_ivl_96", 3 0, L_0000029017ac0790;  1 drivers
v0000029017a81710_0 .net *"_ivl_98", 0 0, L_0000029017a854a0;  1 drivers
L_0000029017a818f0 .cmp/eq 4, v0000029017a80450_0, L_0000029017ac0088;
L_0000029017a7fff0 .cmp/eq 4, v0000029017a80450_0, L_0000029017ac0118;
L_0000029017a80c70 .cmp/eq 4, v0000029017a80450_0, L_0000029017ac01a8;
L_0000029017a81530 .cmp/eq 4, v0000029017a80450_0, L_0000029017ac0238;
L_0000029017a80d10 .cmp/eq 4, v0000029017a80450_0, L_0000029017ac02c8;
L_0000029017a80db0 .cmp/eq 4, v0000029017a80450_0, L_0000029017ac0358;
L_0000029017a81210 .cmp/eq 4, v0000029017a80450_0, L_0000029017ac03e8;
L_0000029017a812b0 .cmp/eq 4, v0000029017a80450_0, L_0000029017ac0478;
L_0000029017a81350 .cmp/eq 4, v0000029017a80450_0, L_0000029017ac0508;
L_0000029017a81850 .cmp/eq 4, v0000029017a80450_0, L_0000029017ac0598;
L_0000029017a81990 .functor MUXZ 8, L_0000029017ac0628, L_0000029017ac05e0, L_0000029017a81850, C4<>;
L_0000029017a85ae0 .functor MUXZ 8, L_0000029017a81990, L_0000029017ac0550, L_0000029017a81350, C4<>;
L_0000029017a84820 .functor MUXZ 8, L_0000029017a85ae0, L_0000029017ac04c0, L_0000029017a812b0, C4<>;
L_0000029017a86300 .functor MUXZ 8, L_0000029017a84820, L_0000029017ac0430, L_0000029017a81210, C4<>;
L_0000029017a84960 .functor MUXZ 8, L_0000029017a86300, L_0000029017ac03a0, L_0000029017a80db0, C4<>;
L_0000029017a84640 .functor MUXZ 8, L_0000029017a84960, L_0000029017ac0310, L_0000029017a80d10, C4<>;
L_0000029017a85d60 .functor MUXZ 8, L_0000029017a84640, L_0000029017ac0280, L_0000029017a81530, C4<>;
L_0000029017a85360 .functor MUXZ 8, L_0000029017a85d60, L_0000029017ac01f0, L_0000029017a80c70, C4<>;
L_0000029017a84500 .functor MUXZ 8, L_0000029017a85360, L_0000029017ac0160, L_0000029017a7fff0, C4<>;
L_0000029017a85220 .functor MUXZ 8, L_0000029017a84500, L_0000029017ac00d0, L_0000029017a818f0, C4<>;
L_0000029017a852c0 .part L_0000029017a85220, 0, 7;
L_0000029017a85a40 .cmp/eq 4, v0000029017a813f0_0, L_0000029017ac0670;
L_0000029017a85400 .cmp/eq 4, v0000029017a813f0_0, L_0000029017ac0700;
L_0000029017a854a0 .cmp/eq 4, v0000029017a813f0_0, L_0000029017ac0790;
L_0000029017a845a0 .cmp/eq 4, v0000029017a813f0_0, L_0000029017ac0820;
L_0000029017a84dc0 .cmp/eq 4, v0000029017a813f0_0, L_0000029017ac08b0;
L_0000029017a85860 .cmp/eq 4, v0000029017a813f0_0, L_0000029017ac0940;
L_0000029017a85b80 .cmp/eq 4, v0000029017a813f0_0, L_0000029017ac09d0;
L_0000029017a85cc0 .cmp/eq 4, v0000029017a813f0_0, L_0000029017ac0a60;
L_0000029017a855e0 .cmp/eq 4, v0000029017a813f0_0, L_0000029017ac0af0;
L_0000029017a85680 .cmp/eq 4, v0000029017a813f0_0, L_0000029017ac0b80;
L_0000029017a85c20 .functor MUXZ 8, L_0000029017ac0c10, L_0000029017ac0bc8, L_0000029017a85680, C4<>;
L_0000029017a85fe0 .functor MUXZ 8, L_0000029017a85c20, L_0000029017ac0b38, L_0000029017a855e0, C4<>;
L_0000029017a848c0 .functor MUXZ 8, L_0000029017a85fe0, L_0000029017ac0aa8, L_0000029017a85cc0, C4<>;
L_0000029017a85f40 .functor MUXZ 8, L_0000029017a848c0, L_0000029017ac0a18, L_0000029017a85b80, C4<>;
L_0000029017a85540 .functor MUXZ 8, L_0000029017a85f40, L_0000029017ac0988, L_0000029017a85860, C4<>;
L_0000029017a846e0 .functor MUXZ 8, L_0000029017a85540, L_0000029017ac08f8, L_0000029017a84dc0, C4<>;
L_0000029017a85720 .functor MUXZ 8, L_0000029017a846e0, L_0000029017ac0868, L_0000029017a845a0, C4<>;
L_0000029017a857c0 .functor MUXZ 8, L_0000029017a85720, L_0000029017ac07d8, L_0000029017a854a0, C4<>;
L_0000029017a86080 .functor MUXZ 8, L_0000029017a857c0, L_0000029017ac0748, L_0000029017a85400, C4<>;
L_0000029017a85900 .functor MUXZ 8, L_0000029017a86080, L_0000029017ac06b8, L_0000029017a85a40, C4<>;
L_0000029017a84780 .part L_0000029017a85900, 0, 7;
L_0000029017a85e00 .cmp/eq 4, v0000029017a808b0_0, L_0000029017ac0c58;
L_0000029017a84a00 .cmp/eq 4, v0000029017a808b0_0, L_0000029017ac0ce8;
L_0000029017a84aa0 .cmp/eq 4, v0000029017a808b0_0, L_0000029017ac0d78;
L_0000029017a84fa0 .cmp/eq 4, v0000029017a808b0_0, L_0000029017ac0e08;
L_0000029017a86120 .cmp/eq 4, v0000029017a808b0_0, L_0000029017ac0e98;
L_0000029017a85040 .cmp/eq 4, v0000029017a808b0_0, L_0000029017ac0f28;
L_0000029017a863a0 .cmp/eq 4, v0000029017a808b0_0, L_0000029017ac0fb8;
L_0000029017a859a0 .cmp/eq 4, v0000029017a808b0_0, L_0000029017ac1048;
L_0000029017a84d20 .cmp/eq 4, v0000029017a808b0_0, L_0000029017ac10d8;
L_0000029017a85ea0 .cmp/eq 4, v0000029017a808b0_0, L_0000029017ac1168;
L_0000029017a84b40 .functor MUXZ 8, L_0000029017ac11f8, L_0000029017ac11b0, L_0000029017a85ea0, C4<>;
L_0000029017a861c0 .functor MUXZ 8, L_0000029017a84b40, L_0000029017ac1120, L_0000029017a84d20, C4<>;
L_0000029017a86260 .functor MUXZ 8, L_0000029017a861c0, L_0000029017ac1090, L_0000029017a859a0, C4<>;
L_0000029017a84be0 .functor MUXZ 8, L_0000029017a86260, L_0000029017ac1000, L_0000029017a863a0, C4<>;
L_0000029017a85180 .functor MUXZ 8, L_0000029017a84be0, L_0000029017ac0f70, L_0000029017a85040, C4<>;
L_0000029017a84c80 .functor MUXZ 8, L_0000029017a85180, L_0000029017ac0ee0, L_0000029017a86120, C4<>;
L_0000029017a84e60 .functor MUXZ 8, L_0000029017a84c80, L_0000029017ac0e50, L_0000029017a84fa0, C4<>;
L_0000029017a84f00 .functor MUXZ 8, L_0000029017a84e60, L_0000029017ac0dc0, L_0000029017a84aa0, C4<>;
L_0000029017a850e0 .functor MUXZ 8, L_0000029017a84f00, L_0000029017ac0d30, L_0000029017a84a00, C4<>;
L_0000029017a87ac0 .functor MUXZ 8, L_0000029017a850e0, L_0000029017ac0ca0, L_0000029017a85e00, C4<>;
L_0000029017a875c0 .part L_0000029017a87ac0, 0, 7;
    .scope S_0000029017a1f480;
T_0 ;
    %vpi_call 2 23 "$dumpfile", "decoder_tb.vcd" {0 0 0};
    %vpi_call 2 24 "$dumpvars", 32'sb00000000000000000000000000000000, S_0000029017a1f480 {0 0 0};
    %pushi/vec4 0, 0, 4;
    %store/vec4 v0000029017a80450_0, 0, 4;
    %pushi/vec4 0, 0, 4;
    %store/vec4 v0000029017a813f0_0, 0, 4;
    %pushi/vec4 0, 0, 4;
    %store/vec4 v0000029017a808b0_0, 0, 4;
    %delay 5, 0;
    %pushi/vec4 1, 0, 4;
    %store/vec4 v0000029017a80450_0, 0, 4;
    %pushi/vec4 1, 0, 4;
    %store/vec4 v0000029017a813f0_0, 0, 4;
    %pushi/vec4 1, 0, 4;
    %store/vec4 v0000029017a808b0_0, 0, 4;
    %delay 5, 0;
    %pushi/vec4 2, 0, 4;
    %store/vec4 v0000029017a80450_0, 0, 4;
    %pushi/vec4 2, 0, 4;
    %store/vec4 v0000029017a813f0_0, 0, 4;
    %pushi/vec4 2, 0, 4;
    %store/vec4 v0000029017a808b0_0, 0, 4;
    %delay 5, 0;
    %pushi/vec4 3, 0, 4;
    %store/vec4 v0000029017a80450_0, 0, 4;
    %pushi/vec4 3, 0, 4;
    %store/vec4 v0000029017a813f0_0, 0, 4;
    %pushi/vec4 3, 0, 4;
    %store/vec4 v0000029017a808b0_0, 0, 4;
    %delay 5, 0;
    %pushi/vec4 4, 0, 4;
    %store/vec4 v0000029017a80450_0, 0, 4;
    %pushi/vec4 4, 0, 4;
    %store/vec4 v0000029017a813f0_0, 0, 4;
    %pushi/vec4 4, 0, 4;
    %store/vec4 v0000029017a808b0_0, 0, 4;
    %delay 5, 0;
    %pushi/vec4 5, 0, 4;
    %store/vec4 v0000029017a80450_0, 0, 4;
    %pushi/vec4 5, 0, 4;
    %store/vec4 v0000029017a813f0_0, 0, 4;
    %pushi/vec4 5, 0, 4;
    %store/vec4 v0000029017a808b0_0, 0, 4;
    %delay 5, 0;
    %pushi/vec4 6, 0, 4;
    %store/vec4 v0000029017a80450_0, 0, 4;
    %pushi/vec4 6, 0, 4;
    %store/vec4 v0000029017a813f0_0, 0, 4;
    %pushi/vec4 6, 0, 4;
    %store/vec4 v0000029017a808b0_0, 0, 4;
    %delay 5, 0;
    %pushi/vec4 7, 0, 4;
    %store/vec4 v0000029017a80450_0, 0, 4;
    %pushi/vec4 7, 0, 4;
    %store/vec4 v0000029017a813f0_0, 0, 4;
    %pushi/vec4 7, 0, 4;
    %store/vec4 v0000029017a808b0_0, 0, 4;
    %delay 5, 0;
    %pushi/vec4 8, 0, 4;
    %store/vec4 v0000029017a80450_0, 0, 4;
    %pushi/vec4 8, 0, 4;
    %store/vec4 v0000029017a813f0_0, 0, 4;
    %pushi/vec4 8, 0, 4;
    %store/vec4 v0000029017a808b0_0, 0, 4;
    %delay 5, 0;
    %pushi/vec4 9, 0, 4;
    %store/vec4 v0000029017a80450_0, 0, 4;
    %pushi/vec4 9, 0, 4;
    %store/vec4 v0000029017a813f0_0, 0, 4;
    %pushi/vec4 9, 0, 4;
    %store/vec4 v0000029017a808b0_0, 0, 4;
    %end;
    .thread T_0;
# The file index is used to find the file name in the following table.
:file_names 4;
    "N/A";
    "<interactive>";
    "decoder_tb.v";
    "./decoder.v";
