#! /c/Source/iverilog-install/bin/vvp
:ivl_version "12.0 (devel)" "(s20150603-1539-g2693dd32b)";
:ivl_delay_selection "TYPICAL";
:vpi_time_precision - 12;
:vpi_module "C:\iverilog\lib\ivl\system.vpi";
:vpi_module "C:\iverilog\lib\ivl\vhdl_sys.vpi";
:vpi_module "C:\iverilog\lib\ivl\vhdl_textio.vpi";
:vpi_module "C:\iverilog\lib\ivl\v2005_math.vpi";
:vpi_module "C:\iverilog\lib\ivl\va_math.vpi";
S_000001b8b4d3be30 .scope module, "contador_mod10_tb" "contador_mod10_tb" 2 4;
 .timescale -9 -12;
v000001b8b4dd1e40_0 .var "clearn", 0 0;
v000001b8b4dd18a0_0 .var "clk", 0 0;
v000001b8b4dd1ee0_0 .var "data", 3 0;
v000001b8b4dd2340_0 .var "en", 0 0;
v000001b8b4dd1f80_0 .var/i "i", 31 0;
v000001b8b4dd20c0_0 .var "loadn", 0 0;
v000001b8b4dd25c0_0 .net "ones", 3 0, v000001b8b4d36a50_0;  1 drivers
v000001b8b4dd23e0_0 .net "tc", 0 0, L_000001b8b4d8a620;  1 drivers
v000001b8b4dd2020_0 .net "zero", 0 0, L_000001b8b4dd2160;  1 drivers
S_000001b8b4d3dc00 .scope module, "dut" "contador_mod10" 2 16, 3 3 0, S_000001b8b4d3be30;
 .timescale -9 -12;
    .port_info 0 /INPUT 1 "clk";
    .port_info 1 /INPUT 1 "loadn";
    .port_info 2 /INPUT 4 "data";
    .port_info 3 /INPUT 1 "clearn";
    .port_info 4 /INPUT 1 "en";
    .port_info 5 /OUTPUT 1 "tc";
    .port_info 6 /OUTPUT 1 "zero";
    .port_info 7 /OUTPUT 4 "ones";
L_000001b8b4d8a620 .functor AND 1, v000001b8b4dd2340_0, L_000001b8b4dd2160, C4<1>, C4<1>;
L_000001b8b4dd2868 .functor BUFT 1, C4<0000>, C4<0>, C4<0>, C4<0>;
v000001b8b4d36f90_0 .net/2u *"_ivl_0", 3 0, L_000001b8b4dd2868;  1 drivers
v000001b8b4d84200_0 .net *"_ivl_2", 0 0, L_000001b8b4dd2480;  1 drivers
L_000001b8b4dd28b0 .functor BUFT 1, C4<1>, C4<0>, C4<0>, C4<0>;
v000001b8b4d371b0_0 .net/2u *"_ivl_4", 0 0, L_000001b8b4dd28b0;  1 drivers
L_000001b8b4dd28f8 .functor BUFT 1, C4<0>, C4<0>, C4<0>, C4<0>;
v000001b8b4d3dd90_0 .net/2u *"_ivl_6", 0 0, L_000001b8b4dd28f8;  1 drivers
v000001b8b4d3de30_0 .net "clearn", 0 0, v000001b8b4dd1e40_0;  1 drivers
v000001b8b4d3ded0_0 .net "clk", 0 0, v000001b8b4dd18a0_0;  1 drivers
v000001b8b4d3df70_0 .net "data", 3 0, v000001b8b4dd1ee0_0;  1 drivers
v000001b8b4d36910_0 .net "en", 0 0, v000001b8b4dd2340_0;  1 drivers
v000001b8b4d369b0_0 .net "loadn", 0 0, v000001b8b4dd20c0_0;  1 drivers
v000001b8b4d36a50_0 .var "ones", 3 0;
v000001b8b4d36af0_0 .net "tc", 0 0, L_000001b8b4d8a620;  alias, 1 drivers
v000001b8b4dd1da0_0 .net "zero", 0 0, L_000001b8b4dd2160;  alias, 1 drivers
E_000001b8b4d74520 .event posedge, v000001b8b4d3ded0_0;
L_000001b8b4dd2480 .cmp/eq 4, v000001b8b4d36a50_0, L_000001b8b4dd2868;
L_000001b8b4dd2160 .functor MUXZ 1, L_000001b8b4dd28f8, L_000001b8b4dd28b0, L_000001b8b4dd2480, C4<>;
    .scope S_000001b8b4d3dc00;
T_0 ;
    %wait E_000001b8b4d74520;
    %load/vec4 v000001b8b4d369b0_0;
    %inv;
    %flag_set/vec4 8;
    %jmp/0xz  T_0.0, 8;
    %load/vec4 v000001b8b4d3df70_0;
    %assign/vec4 v000001b8b4d36a50_0, 0;
    %jmp T_0.1;
T_0.0 ;
    %load/vec4 v000001b8b4d3de30_0;
    %inv;
    %flag_set/vec4 8;
    %jmp/0xz  T_0.2, 8;
    %pushi/vec4 0, 0, 4;
    %assign/vec4 v000001b8b4d36a50_0, 0;
    %jmp T_0.3;
T_0.2 ;
    %load/vec4 v000001b8b4d36910_0;
    %flag_set/vec4 8;
    %jmp/0xz  T_0.4, 8;
    %load/vec4 v000001b8b4d36a50_0;
    %cmpi/e 0, 0, 4;
    %jmp/0xz  T_0.6, 4;
    %pushi/vec4 9, 0, 4;
    %assign/vec4 v000001b8b4d36a50_0, 0;
    %jmp T_0.7;
T_0.6 ;
    %load/vec4 v000001b8b4d36a50_0;
    %subi 1, 0, 4;
    %assign/vec4 v000001b8b4d36a50_0, 0;
T_0.7 ;
T_0.4 ;
T_0.3 ;
T_0.1 ;
    %jmp T_0;
    .thread T_0;
    .scope S_000001b8b4d3be30;
T_1 ;
    %pushi/vec4 0, 0, 1;
    %store/vec4 v000001b8b4dd18a0_0, 0, 1;
    %end;
    .thread T_1;
    .scope S_000001b8b4d3be30;
T_2 ;
    %vpi_call 2 32 "$dumpfile", "contador_mod10_tb.vcd" {0 0 0};
    %vpi_call 2 33 "$dumpvars", 32'sb00000000000000000000000000000000, S_000001b8b4d3dc00 {0 0 0};
    %pushi/vec4 1, 0, 1;
    %store/vec4 v000001b8b4dd20c0_0, 0, 1;
    %pushi/vec4 0, 0, 1;
    %store/vec4 v000001b8b4dd2340_0, 0, 1;
    %pushi/vec4 1, 0, 1;
    %store/vec4 v000001b8b4dd1e40_0, 0, 1;
    %pushi/vec4 6, 0, 4;
    %store/vec4 v000001b8b4dd1ee0_0, 0, 4;
    %delay 5000, 0;
    %pushi/vec4 0, 0, 1;
    %store/vec4 v000001b8b4dd20c0_0, 0, 1;
    %delay 5000, 0;
    %pushi/vec4 1, 0, 1;
    %store/vec4 v000001b8b4dd20c0_0, 0, 1;
    %delay 5000, 0;
    %pushi/vec4 1, 0, 1;
    %store/vec4 v000001b8b4dd2340_0, 0, 1;
    %end;
    .thread T_2;
    .scope S_000001b8b4d3be30;
T_3 ;
    %delay 5000, 0;
    %load/vec4 v000001b8b4dd18a0_0;
    %inv;
    %store/vec4 v000001b8b4dd18a0_0, 0, 1;
    %pushi/vec4 0, 0, 32;
    %store/vec4 v000001b8b4dd1f80_0, 0, 32;
T_3.0 ;
    %load/vec4 v000001b8b4dd1f80_0;
    %cmpi/s 26, 0, 32;
    %jmp/0xz T_3.1, 5;
    %delay 5000, 0;
    %load/vec4 v000001b8b4dd18a0_0;
    %inv;
    %store/vec4 v000001b8b4dd18a0_0, 0, 1;
    %load/vec4 v000001b8b4dd1f80_0;
    %addi 1, 0, 32;
    %store/vec4 v000001b8b4dd1f80_0, 0, 32;
    %jmp T_3.0;
T_3.1 ;
    %end;
    .thread T_3;
# The file index is used to find the file name in the following table.
:file_names 4;
    "N/A";
    "<interactive>";
    "contador_mod10_tb.v";
    "./contador_mod10.v";
