#! /c/Source/iverilog-install/bin/vvp
:ivl_version "12.0 (devel)" "(s20150603-1539-g2693dd32b)";
:ivl_delay_selection "TYPICAL";
:vpi_time_precision - 12;
:vpi_module "C:\iverilog\lib\ivl\system.vpi";
:vpi_module "C:\iverilog\lib\ivl\vhdl_sys.vpi";
:vpi_module "C:\iverilog\lib\ivl\vhdl_textio.vpi";
:vpi_module "C:\iverilog\lib\ivl\v2005_math.vpi";
:vpi_module "C:\iverilog\lib\ivl\va_math.vpi";
S_000001e63f8c9d30 .scope module, "contador_mod6_tb" "contador_mod6_tb" 2 4;
 .timescale -9 -12;
L_000001e63f92d128 .functor BUFT 1, C4<00>, C4<0>, C4<0>, C4<0>;
v000001e63f8d2940_0 .net *"_ivl_10", 1 0, L_000001e63f92d128;  1 drivers
L_000001e63f92d0e0 .functor BUFT 1, C4<00>, C4<0>, C4<0>, C4<0>;
v000001e63f8d2260_0 .net *"_ivl_5", 1 0, L_000001e63f92d0e0;  1 drivers
v000001e63f8d1b80_0 .var "clearn", 0 0;
v000001e63f8d2620_0 .var "clk", 0 0;
v000001e63f8d29e0_0 .var "data", 2 0;
v000001e63f8d1fe0_0 .var "en", 0 0;
v000001e63f8d1ae0_0 .var/i "i", 31 0;
v000001e63f8d1d60_0 .var "loadn", 0 0;
v000001e63f8d1c20_0 .net "tc", 0 0, L_000001e63f8d1e00;  1 drivers
v000001e63f8d1cc0_0 .net "tens", 2 0, L_000001e63f8d2300;  1 drivers
v000001e63f8d21c0_0 .net "zero", 0 0, L_000001e63f8d2080;  1 drivers
L_000001e63f8d1f40 .part v000001e63f8d29e0_0, 0, 1;
L_000001e63f8d1ea0 .concat [ 1 2 0 0], v000001e63f8d1d60_0, L_000001e63f92d0e0;
L_000001e63f8d2300 .concat [ 1 2 0 0], L_000001e63f8d9d80, L_000001e63f92d128;
L_000001e63f8d2080 .part v000001e63f8d2800_0, 0, 1;
S_000001e63f88dc00 .scope module, "dut" "contador_mod6" 2 12, 3 2 0, S_000001e63f8c9d30;
 .timescale 0 0;
    .port_info 0 /INPUT 1 "clk";
    .port_info 1 /INPUT 1 "loadn";
    .port_info 2 /INPUT 3 "data";
    .port_info 3 /INPUT 1 "clearn";
    .port_info 4 /INPUT 1 "en";
    .port_info 5 /OUTPUT 1 "tc";
    .port_info 6 /OUTPUT 1 "zero";
    .port_info 7 /OUTPUT 3 "tens";
L_000001e63f8d9d80 .functor AND 1, v000001e63f8d1b80_0, L_000001e63f8d1e00, C4<1>, C4<1>;
L_000001e63f92d008 .functor BUFT 1, C4<000>, C4<0>, C4<0>, C4<0>;
v000001e63f886f70_0 .net/2u *"_ivl_0", 2 0, L_000001e63f92d008;  1 drivers
v000001e63f886d10_0 .net *"_ivl_2", 0 0, L_000001e63f8d23a0;  1 drivers
L_000001e63f92d050 .functor BUFT 1, C4<1>, C4<0>, C4<0>, C4<0>;
v000001e63f887190_0 .net/2u *"_ivl_4", 0 0, L_000001e63f92d050;  1 drivers
L_000001e63f92d098 .functor BUFT 1, C4<0>, C4<0>, C4<0>, C4<0>;
v000001e63f88dd90_0 .net/2u *"_ivl_6", 0 0, L_000001e63f92d098;  1 drivers
v000001e63f88de30_0 .net "clearn", 0 0, v000001e63f8d1fe0_0;  1 drivers
v000001e63f88ded0_0 .net "clk", 0 0, L_000001e63f8d1f40;  1 drivers
v000001e63f88df70_0 .net "data", 2 0, L_000001e63f8d1ea0;  1 drivers
v000001e63f8d2580_0 .net "en", 0 0, v000001e63f8d1b80_0;  1 drivers
v000001e63f8d2760_0 .net "loadn", 0 0, v000001e63f8d2620_0;  1 drivers
v000001e63f8d2120_0 .net "tc", 0 0, L_000001e63f8d9d80;  1 drivers
v000001e63f8d2800_0 .var "tens", 2 0;
v000001e63f8d28a0_0 .net "zero", 0 0, L_000001e63f8d1e00;  alias, 1 drivers
E_000001e63f8c4fe0 .event posedge, v000001e63f88ded0_0;
L_000001e63f8d23a0 .cmp/eq 3, v000001e63f8d2800_0, L_000001e63f92d008;
L_000001e63f8d1e00 .functor MUXZ 1, L_000001e63f92d098, L_000001e63f92d050, L_000001e63f8d23a0, C4<>;
    .scope S_000001e63f88dc00;
T_0 ;
    %wait E_000001e63f8c4fe0;
    %load/vec4 v000001e63f8d2760_0;
    %inv;
    %flag_set/vec4 8;
    %jmp/0xz  T_0.0, 8;
    %load/vec4 v000001e63f88df70_0;
    %assign/vec4 v000001e63f8d2800_0, 0;
    %jmp T_0.1;
T_0.0 ;
    %load/vec4 v000001e63f88de30_0;
    %inv;
    %flag_set/vec4 8;
    %jmp/0xz  T_0.2, 8;
    %pushi/vec4 0, 0, 3;
    %assign/vec4 v000001e63f8d2800_0, 0;
    %jmp T_0.3;
T_0.2 ;
    %load/vec4 v000001e63f8d2580_0;
    %flag_set/vec4 8;
    %jmp/0xz  T_0.4, 8;
    %load/vec4 v000001e63f8d2800_0;
    %cmpi/e 0, 0, 3;
    %jmp/0xz  T_0.6, 4;
    %pushi/vec4 5, 0, 3;
    %assign/vec4 v000001e63f8d2800_0, 0;
    %jmp T_0.7;
T_0.6 ;
    %load/vec4 v000001e63f8d2800_0;
    %subi 1, 0, 3;
    %assign/vec4 v000001e63f8d2800_0, 0;
T_0.7 ;
T_0.4 ;
T_0.3 ;
T_0.1 ;
    %jmp T_0;
    .thread T_0;
    .scope S_000001e63f8c9d30;
T_1 ;
    %vpi_call 2 15 "$dumpfile", "contador_mod6_teste.vcd" {0 0 0};
    %vpi_call 2 16 "$dumpvars", 32'sb00000000000000000000000000000000, S_000001e63f8c9d30 {0 0 0};
    %pushi/vec4 1, 0, 1;
    %cassign/vec4 v000001e63f8d1d60_0;
    %pushi/vec4 0, 0, 1;
    %cassign/vec4 v000001e63f8d1fe0_0;
    %pushi/vec4 1, 0, 1;
    %cassign/vec4 v000001e63f8d1b80_0;
    %pushi/vec4 0, 0, 3;
    %cassign/vec4 v000001e63f8d29e0_0;
    %delay 6000, 0;
    %pushi/vec4 5, 0, 3;
    %cassign/vec4 v000001e63f8d29e0_0;
    %delay 5000, 0;
    %pushi/vec4 0, 0, 1;
    %cassign/vec4 v000001e63f8d1d60_0;
    %delay 5000, 0;
    %pushi/vec4 1, 0, 1;
    %cassign/vec4 v000001e63f8d1b80_0;
    %delay 5000, 0;
    %pushi/vec4 1, 0, 1;
    %cassign/vec4 v000001e63f8d1d60_0;
    %delay 4000, 0;
    %pushi/vec4 1, 0, 1;
    %cassign/vec4 v000001e63f8d1fe0_0;
    %end;
    .thread T_1;
    .scope S_000001e63f8c9d30;
T_2 ;
    %pushi/vec4 0, 0, 1;
    %store/vec4 v000001e63f8d2620_0, 0, 1;
    %end;
    .thread T_2;
    .scope S_000001e63f8c9d30;
T_3 ;
    %delay 5000, 0;
    %load/vec4 v000001e63f8d2620_0;
    %inv;
    %store/vec4 v000001e63f8d2620_0, 0, 1;
    %pushi/vec4 0, 0, 32;
    %store/vec4 v000001e63f8d1ae0_0, 0, 32;
T_3.0 ;
    %load/vec4 v000001e63f8d1ae0_0;
    %cmpi/s 26, 0, 32;
    %jmp/0xz T_3.1, 5;
    %delay 5000, 0;
    %load/vec4 v000001e63f8d2620_0;
    %inv;
    %store/vec4 v000001e63f8d2620_0, 0, 1;
    %load/vec4 v000001e63f8d1ae0_0;
    %addi 1, 0, 32;
    %store/vec4 v000001e63f8d1ae0_0, 0, 32;
    %jmp T_3.0;
T_3.1 ;
    %end;
    .thread T_3;
# The file index is used to find the file name in the following table.
:file_names 4;
    "N/A";
    "<interactive>";
    "contador_mod6_tb.v";
    "./contador_mod6.v";
